This file contains any messages produced by compilers while
running configure, to aid debugging if configure makes a mistake.

It was created by configure, which was
generated by GNU Autoconf 2.52.  Invocation command line was

  $ ./configure 

## ---------- ##
## Platform.  ##
## ---------- ##

hostname = stewsrvr
uname -m = i386
uname -r = 4.8-RELEASE
uname -s = FreeBSD
uname -v = FreeBSD 4.8-RELEASE #103: Fri Oct 31 10:58:40 CST 2003     randall@stewsrvr:/usr/randall/kame/freebsd4/sys/compile/stewsrvr 

/usr/bin/uname -p = i386
/bin/uname -X     = unknown

/bin/arch              = unknown
/usr/bin/arch -k       = unknown
/usr/convex/getsysinfo = unknown
hostinfo               = unknown
/bin/machine           = unknown
/usr/bin/oslevel       = unknown
/bin/universe          = unknown

PATH = /usr/local/v6/bin:/home/randall/office52:/usr/local/bin:/usr/bin:/usr/ucb:/usr/games:/bin:/sbin:/usr/X11R6/bin:/usr/local/Acrobat5/bin:/usr/local/bin:/usr/local/sbin:/usr/sbin:

## ------------ ##
## Core tests.  ##
## ------------ ##

configure:959: PATH=".;."; conftest.sh
conftest.sh: not found
configure:962: $? = 127
configure:1036: checking for gcc
configure:1051: found /usr/bin/gcc
configure:1059: result: gcc
configure:1287: checking for C compiler version
configure:1290: gcc --version </dev/null >&5
2.95.4
configure:1293: $? = 0
configure:1295: gcc -v </dev/null >&5
Using builtin specs.
gcc version 2.95.4 20020320 [FreeBSD]
configure:1298: $? = 0
configure:1300: gcc -V </dev/null >&5
gcc: argument to `-V' is missing
configure:1303: $? = 1
configure:1323: checking for C compiler default output
configure:1326: gcc    conftest.c  >&5
configure:1329: $? = 0
configure:1358: result: a.out
configure:1363: checking whether the C compiler works
configure:1369: ./a.out
configure:1372: $? = 0
configure:1387: result: yes
configure:1394: checking whether we are cross compiling
configure:1396: result: no
configure:1399: checking for executable suffix
configure:1401: gcc -o conftest    conftest.c  >&5
configure:1404: $? = 0
configure:1426: result: 
configure:1432: checking for object suffix
configure:1450: gcc -c   conftest.c >&5
configure:1453: $? = 0
configure:1472: result: o
configure:1476: checking whether we are using the GNU C compiler
configure:1497: gcc -c   conftest.c >&5
configure:1500: $? = 0
configure:1503: test -s conftest.o
configure:1506: $? = 0
configure:1518: result: yes
configure:1524: checking whether gcc accepts -g
configure:1542: gcc -c -g  conftest.c >&5
configure:1545: $? = 0
configure:1548: test -s conftest.o
configure:1551: $? = 0
configure:1561: result: yes
configure:1588: gcc -c -g -O2  conftest.c >&5
conftest.c:2: syntax error before `me'
configure:1591: $? = 1
configure: failed program was:
#ifndef __cplusplus
  choke me
#endif
configure:1757: checking for g++
configure:1772: found /usr/bin/g++
configure:1780: result: g++
configure:1795: checking for C++ compiler version
configure:1798: g++ --version </dev/null >&5
2.95.4
configure:1801: $? = 0
configure:1803: g++ -v </dev/null >&5
Using builtin specs.
gcc version 2.95.4 20020320 [FreeBSD]
configure:1806: $? = 0
configure:1808: g++ -V </dev/null >&5
g++: argument to `-V' missing

configure:1811: $? = 1
configure:1814: checking whether we are using the GNU C++ compiler
configure:1835: g++ -c   conftest.cc >&5
configure:1838: $? = 0
configure:1841: test -s conftest.o
configure:1844: $? = 0
configure:1856: result: yes
configure:1862: checking whether g++ accepts -g
configure:1880: g++ -c -g  conftest.cc >&5
configure:1883: $? = 0
configure:1886: test -s conftest.o
configure:1889: $? = 0
configure:1899: result: yes
configure:1939: g++ -c -g -O2  conftest.cc >&5
configure:1942: $? = 0
configure:1945: test -s conftest.o
configure:1948: $? = 0
configure:1970: g++ -c -g -O2  conftest.cc >&5
configure:1973: $? = 0
configure:1976: test -s conftest.o
configure:1979: $? = 0
configure:2051: checking for ranlib
configure:2066: found /usr/bin/ranlib
configure:2075: result: ranlib
configure:2118: checking build system type
configure:2136: result: i386-unknown-freebsd4.8
configure:2143: checking host system type
configure:2157: result: i386-unknown-freebsd4.8
configure:2169: checking how to run the C preprocessor
configure:2195: gcc -E  conftest.c
configure:2201: $? = 0
configure:2228: gcc -E  conftest.c
configure:2225: ac_nonexistent.h: No such file or directory
configure:2234: $? = 1
configure: failed program was:
#line 2224 "configure"
#include "confdefs.h"
#include <ac_nonexistent.h>
configure:2271: result: gcc -E
configure:2286: gcc -E  conftest.c
configure:2292: $? = 0
configure:2319: gcc -E  conftest.c
configure:2316: ac_nonexistent.h: No such file or directory
configure:2325: $? = 1
configure: failed program was:
#line 2315 "configure"
#include "confdefs.h"
#include <ac_nonexistent.h>
configure:2368: checking for pthread.h
configure:2378: gcc -E  conftest.c
configure:2384: $? = 0
configure:2403: result: yes
configure:2528: checking for the pthreads library -lpthreads
configure:2563: gcc -o conftest  -Wall -O2    conftest.c -lpthreads  >&5
configure: In function `main':
configure:2554: warning: `th' might be used uninitialized in this function
/usr/libexec/elf/ld: cannot find -lpthreads
configure:2566: $? = 1
configure: failed program was:
#line 2549 "configure"
#include "confdefs.h"
#include <pthread.h>
int
main ()
{
pthread_t th; pthread_join(th, 0);
                     pthread_attr_init(0); pthread_cleanup_push(0, 0);
                     pthread_create(0,0,0,0); pthread_cleanup_pop(0);
  ;
  return 0;
}
configure:2584: result: no
configure:2517: checking whether pthreads work without any flags
configure:2563: gcc -o conftest  -Wall -O2    conftest.c   >&5
configure: In function `main':
configure:2554: warning: `th' might be used uninitialized in this function
/tmp/cceSowr3.o: In function `main':
/tmp/cceSowr3.o(.text+0xd): undefined reference to `pthread_join'
/tmp/cceSowr3.o(.text+0x17): undefined reference to `pthread_attr_init'
/tmp/cceSowr3.o(.text+0x26): undefined reference to `pthread_cleanup_push'
/tmp/cceSowr3.o(.text+0x33): undefined reference to `pthread_create'
/tmp/cceSowr3.o(.text+0x40): undefined reference to `pthread_cleanup_pop'
configure:2566: $? = 1
configure: failed program was:
#line 2549 "configure"
#include "confdefs.h"
#include <pthread.h>
int
main ()
{
pthread_t th; pthread_join(th, 0);
                     pthread_attr_init(0); pthread_cleanup_push(0, 0);
                     pthread_create(0,0,0,0); pthread_cleanup_pop(0);
  ;
  return 0;
}
configure:2584: result: no
configure:2522: checking whether pthreads work with -Kthread
configure:2563: gcc -o conftest  -Wall -O2 -Kthread   conftest.c   >&5
gcc: unrecognized option `-Kthread'
configure: In function `main':
configure:2554: warning: `th' might be used uninitialized in this function
/tmp/ccXovdlR.o: In function `main':
/tmp/ccXovdlR.o(.text+0xd): undefined reference to `pthread_join'
/tmp/ccXovdlR.o(.text+0x17): undefined reference to `pthread_attr_init'
/tmp/ccXovdlR.o(.text+0x26): undefined reference to `pthread_cleanup_push'
/tmp/ccXovdlR.o(.text+0x33): undefined reference to `pthread_create'
/tmp/ccXovdlR.o(.text+0x40): undefined reference to `pthread_cleanup_pop'
configure:2566: $? = 1
configure: failed program was:
#line 2549 "configure"
#include "confdefs.h"
#include <pthread.h>
int
main ()
{
pthread_t th; pthread_join(th, 0);
                     pthread_attr_init(0); pthread_cleanup_push(0, 0);
                     pthread_create(0,0,0,0); pthread_cleanup_pop(0);
  ;
  return 0;
}
configure:2584: result: no
configure:2522: checking whether pthreads work with -kthread
configure:2563: gcc -o conftest  -Wall -O2 -kthread   conftest.c   >&5
gcc: unrecognized option `-kthread'
configure: In function `main':
configure:2554: warning: `th' might be used uninitialized in this function
/tmp/ccYEIflA.o: In function `main':
/tmp/ccYEIflA.o(.text+0xd): undefined reference to `pthread_join'
/tmp/ccYEIflA.o(.text+0x17): undefined reference to `pthread_attr_init'
/tmp/ccYEIflA.o(.text+0x26): undefined reference to `pthread_cleanup_push'
/tmp/ccYEIflA.o(.text+0x33): undefined reference to `pthread_create'
/tmp/ccYEIflA.o(.text+0x40): undefined reference to `pthread_cleanup_pop'
configure:2566: $? = 1
configure: failed program was:
#line 2549 "configure"
#include "confdefs.h"
#include <pthread.h>
int
main ()
{
pthread_t th; pthread_join(th, 0);
                     pthread_attr_init(0); pthread_cleanup_push(0, 0);
                     pthread_create(0,0,0,0); pthread_cleanup_pop(0);
  ;
  return 0;
}
configure:2584: result: no
configure:2528: checking for the pthreads library -llthread
configure:2563: gcc -o conftest  -Wall -O2    conftest.c -llthread  >&5
configure: In function `main':
configure:2554: warning: `th' might be used uninitialized in this function
/usr/libexec/elf/ld: cannot find -llthread
configure:2566: $? = 1
configure: failed program was:
#line 2549 "configure"
#include "confdefs.h"
#include <pthread.h>
int
main ()
{
pthread_t th; pthread_join(th, 0);
                     pthread_attr_init(0); pthread_cleanup_push(0, 0);
                     pthread_create(0,0,0,0); pthread_cleanup_pop(0);
  ;
  return 0;
}
configure:2584: result: no
configure:2522: checking whether pthreads work with -pthread
configure:2563: gcc -o conftest  -Wall -O2 -pthread   conftest.c   >&5
configure: In function `main':
configure:2554: warning: `th' might be used uninitialized in this function
configure:2566: $? = 0
configure:2569: test -s conftest
configure:2572: $? = 0
configure:2584: result: yes
configure:2604: checking for joinable pthread attribute
configure:2619: gcc -o conftest  -Wall -O2 -pthread   conftest.c   >&5
configure: In function `main':
configure:2612: warning: unused variable `attr'
configure:2622: $? = 0
configure:2625: test -s conftest
configure:2628: $? = 0
configure:2677: result: PTHREAD_CREATE_JOINABLE
configure:2684: checking if more special flags are required for pthreads
configure:2691: result: -D_THREAD_SAFE
configure:2703: checking for cc_r
configure:2727: result: gcc
configure:2762: checking for gethostbyname without -lnsl
configure:2789: gcc -o conftest  -Wall -O2   conftest.c  >&5
configure:2792: $? = 0
configure:2795: test -s conftest
configure:2798: $? = 0
configure:2811: result: yes
configure:2875: checking for socket without -lsocket
configure:2902: gcc -o conftest  -Wall -O2   conftest.c  >&5
configure:2905: $? = 0
configure:2908: test -s conftest
configure:2911: $? = 0
configure:2924: result: yes
configure:2991: checking for strings.h
configure:3001: gcc -E  conftest.c
configure:3007: $? = 0
configure:3026: result: yes
configure:3036: checking for ANSI C header files
configure:3050: gcc -E  conftest.c
configure:3056: $? = 0
configure:3143: gcc -o conftest  -Wall -O2   conftest.c  >&5
configure:3146: $? = 0
configure:3148: ./conftest
configure:3151: $? = 0
configure:3164: result: yes
configure:3180: checking for sys/types.h
configure:3192: gcc -c  -Wall -O2  conftest.c >&5
configure:3195: $? = 0
configure:3198: test -s conftest.o
configure:3201: $? = 0
configure:3211: result: yes
configure:3180: checking for sys/stat.h
configure:3192: gcc -c  -Wall -O2  conftest.c >&5
configure:3195: $? = 0
configure:3198: test -s conftest.o
configure:3201: $? = 0
configure:3211: result: yes
configure:3180: checking for stdlib.h
configure:3192: gcc -c  -Wall -O2  conftest.c >&5
configure:3195: $? = 0
configure:3198: test -s conftest.o
configure:3201: $? = 0
configure:3211: result: yes
configure:3180: checking for string.h
configure:3192: gcc -c  -Wall -O2  conftest.c >&5
configure:3195: $? = 0
configure:3198: test -s conftest.o
configure:3201: $? = 0
configure:3211: result: yes
configure:3180: checking for memory.h
configure:3192: gcc -c  -Wall -O2  conftest.c >&5
configure:3195: $? = 0
configure:3198: test -s conftest.o
configure:3201: $? = 0
configure:3211: result: yes
configure:3180: checking for strings.h
configure:3211: result: yes
configure:3180: checking for inttypes.h
configure:3192: gcc -c  -Wall -O2  conftest.c >&5
configure:3195: $? = 0
configure:3198: test -s conftest.o
configure:3201: $? = 0
configure:3211: result: yes
configure:3180: checking for stdint.h
configure:3192: gcc -c  -Wall -O2  conftest.c >&5
configure:3221: stdint.h: No such file or directory
configure:3195: $? = 1
configure: failed program was:
#line 3186 "configure"
#include "confdefs.h"
#include <stdio.h>
#if HAVE_SYS_TYPES_H
# include <sys/types.h>
#endif
#if HAVE_SYS_STAT_H
# include <sys/stat.h>
#endif
#if STDC_HEADERS
# include <stdlib.h>
# include <stddef.h>
#else
# if HAVE_STDLIB_H
#  include <stdlib.h>
# endif
#endif
#if HAVE_STRING_H
# if !STDC_HEADERS && HAVE_MEMORY_H
#  include <memory.h>
# endif
# include <string.h>
#endif
#if HAVE_STRINGS_H
# include <strings.h>
#endif
#if HAVE_INTTYPES_H
# include <inttypes.h>
#else
# if HAVE_STDINT_H
#  include <stdint.h>
# endif
#endif
#if HAVE_UNISTD_H
# include <unistd.h>
#endif
#include <stdint.h>
configure:3211: result: no
configure:3180: checking for unistd.h
configure:3192: gcc -c  -Wall -O2  conftest.c >&5
configure:3195: $? = 0
configure:3198: test -s conftest.o
configure:3201: $? = 0
configure:3211: result: yes
configure:3221: checking for short
configure:3242: gcc -c  -Wall -O2  conftest.c >&5
configure:3245: $? = 0
configure:3248: test -s conftest.o
configure:3251: $? = 0
configure:3261: result: yes
configure:3264: checking size of short
configure:3428: gcc -o conftest  -Wall -O2   conftest.c  >&5
configure:3431: $? = 0
configure:3433: ./conftest
configure:3436: $? = 0
configure:3452: result: 2
configure:3458: checking for int
configure:3479: gcc -c  -Wall -O2  conftest.c >&5
configure:3482: $? = 0
configure:3485: test -s conftest.o
configure:3488: $? = 0
configure:3498: result: yes
configure:3501: checking size of int
configure:3665: gcc -o conftest  -Wall -O2   conftest.c  >&5
configure:3668: $? = 0
configure:3670: ./conftest
configure:3673: $? = 0
configure:3689: result: 4
configure:3695: checking for long
configure:3716: gcc -c  -Wall -O2  conftest.c >&5
configure:3719: $? = 0
configure:3722: test -s conftest.o
configure:3725: $? = 0
configure:3735: result: yes
configure:3738: checking size of long
configure:3902: gcc -o conftest  -Wall -O2   conftest.c  >&5
configure:3905: $? = 0
configure:3907: ./conftest
configure:3910: $? = 0
configure:3926: result: 4
configure:3932: checking for long long
configure:3953: gcc -c  -Wall -O2  conftest.c >&5
configure:3956: $? = 0
configure:3959: test -s conftest.o
configure:3962: $? = 0
configure:3972: result: yes
configure:3975: checking size of long long
configure:4139: gcc -o conftest  -Wall -O2   conftest.c  >&5
configure:4142: $? = 0
configure:4144: ./conftest
configure:4147: $? = 0
configure:4163: result: 8
configure:4169: checking for unsigned short
configure:4190: gcc -c  -Wall -O2  conftest.c >&5
configure:4193: $? = 0
configure:4196: test -s conftest.o
configure:4199: $? = 0
configure:4209: result: yes
configure:4212: checking size of unsigned short
configure:4376: gcc -o conftest  -Wall -O2   conftest.c  >&5
configure:4379: $? = 0
configure:4381: ./conftest
configure:4384: $? = 0
configure:4400: result: 2
configure:4406: checking for unsigned int
configure:4427: gcc -c  -Wall -O2  conftest.c >&5
configure:4430: $? = 0
configure:4433: test -s conftest.o
configure:4436: $? = 0
configure:4446: result: yes
configure:4449: checking size of unsigned int
configure:4613: gcc -o conftest  -Wall -O2   conftest.c  >&5
configure:4616: $? = 0
configure:4618: ./conftest
configure:4621: $? = 0
configure:4637: result: 4
configure:4643: checking for unsigned long
configure:4664: gcc -c  -Wall -O2  conftest.c >&5
configure:4667: $? = 0
configure:4670: test -s conftest.o
configure:4673: $? = 0
configure:4683: result: yes
configure:4686: checking size of unsigned long
configure:4850: gcc -o conftest  -Wall -O2   conftest.c  >&5
configure:4853: $? = 0
configure:4855: ./conftest
configure:4858: $? = 0
configure:4874: result: 4
configure:4880: checking for unsigned long long
configure:4901: gcc -c  -Wall -O2  conftest.c >&5
configure:4904: $? = 0
configure:4907: test -s conftest.o
configure:4910: $? = 0
configure:4920: result: yes
configure:4923: checking size of unsigned long long
configure:5087: gcc -o conftest  -Wall -O2   conftest.c  >&5
configure:5090: $? = 0
configure:5092: ./conftest
configure:5095: $? = 0
configure:5111: result: 8
configure:5117: checking for int16_t
configure:5135: gcc -c  -Wall -O2  conftest.c >&5
configure: In function `main':
configure:5129: warning: unused variable `foo'
configure:5138: $? = 0
configure:5141: test -s conftest.o
configure:5144: $? = 0
configure:5174: result: yes
configure:5191: checking for int32_t
configure:5209: gcc -c  -Wall -O2  conftest.c >&5
configure: In function `main':
configure:5203: warning: unused variable `foo'
configure:5212: $? = 0
configure:5215: test -s conftest.o
configure:5218: $? = 0
configure:5248: result: yes
configure:5265: checking for int64_t
configure:5283: gcc -c  -Wall -O2  conftest.c >&5
configure: In function `main':
configure:5277: warning: unused variable `foo'
configure:5286: $? = 0
configure:5289: test -s conftest.o
configure:5292: $? = 0
configure:5322: result: yes
configure:5339: checking for u_int16_t
configure:5357: gcc -c  -Wall -O2  conftest.c >&5
configure: In function `main':
configure:5351: warning: unused variable `foo'
configure:5360: $? = 0
configure:5363: test -s conftest.o
configure:5366: $? = 0
configure:5396: result: yes
configure:5413: checking for u_int32_t
configure:5431: gcc -c  -Wall -O2  conftest.c >&5
configure: In function `main':
configure:5425: warning: unused variable `foo'
configure:5434: $? = 0
configure:5437: test -s conftest.o
configure:5440: $? = 0
configure:5470: result: yes
configure:5487: checking for u_int64_t
configure:5505: gcc -c  -Wall -O2  conftest.c >&5
configure: In function `main':
configure:5499: warning: unused variable `foo'
configure:5508: $? = 0
configure:5511: test -s conftest.o
configure:5514: $? = 0
configure:5544: result: yes
configure:5561: checking 3rd argument of accept
configure:5590: g++ -c  -Wall -O2  conftest.cc >&5
configure:5593: $? = 0
configure:5596: test -s conftest.o
configure:5599: $? = 0
configure:5818: result: socklen_t
configure:5838: checking for size_t
configure:5856: gcc -c  -Wall -O2  conftest.c >&5
configure: In function `main':
configure:5850: warning: unused variable `foo'
configure:5859: $? = 0
configure:5862: test -s conftest.o
configure:5865: $? = 0
configure:5881: result: yes
configure:5898: checking for ssize_t
configure:5916: gcc -c  -Wall -O2  conftest.c >&5
configure: In function `main':
configure:5910: warning: unused variable `foo'
configure:5919: $? = 0
configure:5922: test -s conftest.o
configure:5925: $? = 0
configure:5941: result: yes
configure:5960: checking for snprintf
configure:5997: gcc -o conftest  -Wall -O2   conftest.c  >&5
configure:6000: $? = 0
configure:6003: test -s conftest
configure:6006: $? = 0
configure:6018: result: yes
configure:6034: checking for inet_pton
configure:6071: gcc -o conftest  -Wall -O2   conftest.c  >&5
configure:6074: $? = 0
configure:6077: test -s conftest
configure:6080: $? = 0
configure:6092: result: yes
configure:6108: checking for inet_ntop
configure:6145: gcc -o conftest  -Wall -O2   conftest.c  >&5
configure:6148: $? = 0
configure:6151: test -s conftest
configure:6154: $? = 0
configure:6166: result: yes
configure:6182: checking for gettimeofday
configure:6219: gcc -o conftest  -Wall -O2   conftest.c  >&5
configure:6222: $? = 0
configure:6225: test -s conftest
configure:6228: $? = 0
configure:6240: result: yes
configure:6256: checking for pthread_cancel
configure:6293: gcc -o conftest  -Wall -O2   conftest.c  >&5
/tmp/ccjNepW2.o: In function `main':
/tmp/ccjNepW2.o(.text+0x7): undefined reference to `pthread_cancel'
configure:6296: $? = 1
configure: failed program was:
#line 6262 "configure"
#include "confdefs.h"
/* System header to define __stub macros and hopefully few prototypes,
    which can conflict with char pthread_cancel(); below.  */
#include <assert.h>
/* Override any gcc2 internal prototype to avoid an error.  */
#ifdef __cplusplus
extern "C"
#endif
/* We use char because int might match the return type of a gcc2
    builtin and then its argument prototype would still apply.  */
char pthread_cancel();

int
main ()
{

/* The GNU C library defines this for functions which it implements
    to always fail with ENOSYS.  Some functions are actually named
    something starting with __ and the normal name is an alias.  */
#if defined (__stub_pthread_cancel) || defined (__stub___pthread_cancel)
choke me
#else
pthread_cancel();
#endif

  ;
  return 0;
}
configure:6322: result: no
configure:6329: checking for usleep
configure:6366: gcc -o conftest  -Wall -O2   conftest.c  >&5
configure:6369: $? = 0
configure:6372: test -s conftest
configure:6375: $? = 0
configure:6387: result: yes
configure:6406: checking for bool
configure:6427: g++ -c  -Wall -O2  conftest.cc >&5
configure:6430: $? = 0
configure:6433: test -s conftest.o
configure:6436: $? = 0
configure:6446: result: yes
configure:6449: checking size of bool
configure:6613: g++ -o conftest  -Wall -O2   conftest.cc  >&5
configure:6616: $? = 0
configure:6618: ./conftest
configure:6621: $? = 0
configure:6637: result: 1
configure:6650: checking if true is defined
configure:6668: g++ -c  -Wall -O2  conftest.cc >&5
configure: In function `int main()':
configure:6661: warning: unused variable `unsigned int i'
configure:6671: $? = 0
configure:6674: test -s conftest.o
configure:6677: $? = 0
configure:6687: result: yes
configure:6707: checking whether byte ordering is bigendian
configure:6732: gcc -c  -Wall -O2  conftest.c >&5
configure:6735: $? = 0
configure:6738: test -s conftest.o
configure:6741: $? = 0
configure:6762: gcc -c  -Wall -O2  conftest.c >&5
configure: In function `main':
configure:6753: syntax error before `big'
configure:6765: $? = 1
configure: failed program was:
#line 6745 "configure"
#include "confdefs.h"
#include <sys/types.h>
#include <sys/param.h>

int
main ()
{
#if BYTE_ORDER != BIG_ENDIAN
 not big endian
#endif

  ;
  return 0;
}
configure:6829: result: no
configure:6839: checking for multicast support
configure:6869: gcc -o conftest  -Wall -O2   conftest.c  >&5
configure:6854: warning: return-type defaults to `int'
configure: In function `main':
configure:6858: warning: unused variable `mreq'
configure:6857: warning: unused variable `foo'
configure:6872: $? = 0
configure:6874: ./conftest
configure:6877: $? = 0
configure:6890: result: yes
configure:6899: checking for IPv6 headers and structures
configure:6924: gcc -c  -Wall -O2  conftest.c >&5
configure:6927: $? = 0
configure:6930: test -s conftest.o
configure:6933: $? = 0
configure:6949: result: yes
configure:7033: creating ./config.status

## ----------------------- ##
## Running config.status.  ##
## ----------------------- ##

This file was extended by config.status 2.52, executed with
  CONFIG_FILES    = 
  CONFIG_HEADERS  = 
  CONFIG_LINKS    = 
  CONFIG_COMMANDS = 
  > ./config.status 
on stewsrvr

config.status:7481: creating ../Makefile.rules
config.status:7572: creating config.h

## ----------------- ##
## Cache variables.  ##
## ----------------- ##

ac_cv_type_size_t=yes
ac_cv_sizeof_int=4
ac_cv_env_CXXFLAGS_value=
ac_cv_c_bigendian=no
ac_cv_header_stdlib_h=yes
ac_cv_sizeof_unsigned_long=4
ac_cv_type_unsigned_short=yes
ac_cv_sizeof_long_long=8
ac_cv_prog_cc_g=yes
ac_cv_env_LDFLAGS_set=
ac_cv_type_u_int32_t=yes
ac_cv_c_compiler_gnu=yes
ac_cv_env_CFLAGS_set=
ac_cv_prog_PTHREAD_CC=gcc
ac_cv_type_bool=yes
ac_cv_type_u_int16_t=yes
ac_cv_type_unsigned_int=yes
ac_cv_env_CPP_value=
ac_cv_env_CPPFLAGS_set=
ac_cv_type_u_int64_t=yes
ac_cv_type_long=yes
ac_cv_cxx_compiler_gnu=yes
ac_cv_env_CXX_set=
ac_cv_func_snprintf=yes
ac_cv_type_unsigned_long_long=yes
ac_cv_env_host_alias_set=
ac_cv_sizeof_unsigned_short=2
ac_cv_multicast=yes
ac_cv_func_usleep=yes
ac_cv_header_sys_stat_h=yes
ac_cv_env_build_alias_set=
ac_cv_sizeof_bool=1
ac_cv_no_lib_socket_socket=yes
ac_cv_env_LDFLAGS_value=
ac_cv_env_target_alias_set=
ac_cv_sizeof_unsigned_int=4
ac_cv_host_alias=i386-unknown-freebsd4.8
ac_cv_env_CFLAGS_value=
ac_cv_env_CC_set=
ac_cv_func_gettimeofday=yes
ac_cv_header_sys_types_h=yes
ac_cv_header_stdc=yes
ac_cv_header_strings_h=yes
ac_cv_sizeof_long=4
ac_cv_type_short=yes
ac_cv_header_stdint_h=no
ac_cv_header_inttypes_h=yes
ac_cv_sizeof_unsigned_long_long=8
ac_cv_header_unistd_h=yes
ac_cv_header_string_h=yes
ac_cv_build_alias=i386-unknown-freebsd4.8
ac_cv_prog_ac_ct_CXX=g++
ac_cv_env_CPPFLAGS_value=
ac_cv_header_memory_h=yes
ac_cv_prog_ac_ct_RANLIB=ranlib
ac_cv_env_CXXFLAGS_set=
ac_cv_env_CXX_value=
ac_cv_func_inet_ntop=yes
ac_cv_func_inet_pton=yes
ac_cv_no_lib_nsl_gethostbyname=yes
ac_cv_header_pthread_h=yes
ac_cv_host=i386-unknown-freebsd4.8
ac_cv_env_host_alias_value=
ac_cv_type_int32_t=yes
ac_cv_type_int=yes
ac_cv_accept_arg=socklen_t
ac_cv_prog_cxx_g=yes
ac_cv_type_int16_t=yes
ac_cv_prog_CPP='gcc -E'
ac_cv_build=i386-unknown-freebsd4.8
ac_cv_env_build_alias_value=
ac_cv_type_unsigned_long=yes
ac_cv_type_long_long=yes
ac_cv_prog_ac_ct_CC=gcc
ac_cv_type_int64_t=yes
ac_cv_env_target_alias_value=
ac_cv_sizeof_short=2
ac_cv_env_CC_value=
ac_cv_env_CPP_set=
ac_cv_func_pthread_cancel=no
ac_cv_have_true=yes
ac_cv_type_ssize_t=yes
ac_cv_objext=o

## ------------ ##
## confdefs.h.  ##
## ------------ ##

#define HAVE_PTHREAD 1
#define HAVE_POSIX_THREAD 1
#define _REENTRANT 1
#define HAVE_STRINGS_H 1
#define STDC_HEADERS 1
#define HAVE_SYS_TYPES_H 1
#define HAVE_SYS_STAT_H 1
#define HAVE_STDLIB_H 1
#define HAVE_STRING_H 1
#define HAVE_MEMORY_H 1
#define HAVE_STRINGS_H 1
#define HAVE_INTTYPES_H 1
#define HAVE_UNISTD_H 1
#define SIZEOF_SHORT 2
#define SIZEOF_INT 4
#define SIZEOF_LONG 4
#define SIZEOF_LONG_LONG 8
#define SIZEOF_UNSIGNED_SHORT 2
#define SIZEOF_UNSIGNED_INT 4
#define SIZEOF_UNSIGNED_LONG 4
#define SIZEOF_UNSIGNED_LONG_LONG 8
#define HAVE_INT16_T 1
#define HAVE_INT32_T 1
#define HAVE_INT64_T 1
#define HAVE_U_INT16_T 1
#define HAVE_U_INT32_T 1
#define HAVE_U_INT64_T 1
#define Socklen_t socklen_t
#define HAVE_SIZE_T 1
#define HAVE_SSIZE_T 1
#define HAVE_SNPRINTF 1
#define HAVE_INET_PTON 1
#define HAVE_INET_NTOP 1
#define HAVE_GETTIMEOFDAY 1
#define HAVE_USLEEP 1
#define SIZEOF_BOOL 1
#define MCAST 1
#define IPV6 1


configure: exit 0
