This file contains any messages produced by compilers while
running configure, to aid debugging if configure makes a mistake.

It was created by configure, which was
generated by GNU Autoconf 2.57.  Invocation command line was

  $ ./configure 

## --------- ##
## Platform. ##
## --------- ##

hostname = ibmlap
uname -m = i386
uname -r = 4.9-RELEASE
uname -s = FreeBSD
uname -v = FreeBSD 4.9-RELEASE #47: Wed Mar 17 11:52:58 CST 2004     rrs@ibmlap:/usr/rrs/kame/freebsd4/sys/compile/ibmlap 

/usr/bin/uname -p = i386
/bin/uname -X     = unknown

/bin/arch              = unknown
/usr/bin/arch -k       = unknown
/usr/convex/getsysinfo = unknown
hostinfo               = unknown
/bin/machine           = unknown
/usr/bin/oslevel       = unknown
/bin/universe          = unknown

PATH: /home/randall/office52
PATH: /usr/local/v6/bin
PATH: /usr/local/bin
PATH: /usr/bin
PATH: /usr/ucb
PATH: /usr/games
PATH: /bin
PATH: /sbin
PATH: /usr/X11R6/bin
PATH: /usr/local/Acrobat5/bin
PATH: /usr/local/bin
PATH: /usr/local/sbin
PATH: /usr/sbin


## ----------- ##
## Core tests. ##
## ----------- ##

configure:1253: checking build system type
configure:1271: result: i386-unknown-freebsd4.9
configure:1279: checking host system type
configure:1293: result: i386-unknown-freebsd4.9
configure:1362: checking for gcc
configure:1378: found /usr/bin/gcc
configure:1388: result: gcc
configure:1632: checking for C compiler version
configure:1635: gcc --version </dev/null >&5
2.95.4
configure:1638: $? = 0
configure:1640: gcc -v </dev/null >&5
Using builtin specs.
gcc version 2.95.4 20020320 [FreeBSD]
configure:1643: $? = 0
configure:1645: gcc -V </dev/null >&5
gcc: argument to `-V' is missing
configure:1648: $? = 1
configure:1672: checking for C compiler default output
configure:1675: gcc    conftest.c  >&5
configure:1678: $? = 0
configure:1724: result: a.out
configure:1729: checking whether the C compiler works
configure:1735: ./a.out
configure:1738: $? = 0
configure:1755: result: yes
configure:1762: checking whether we are cross compiling
configure:1764: result: no
configure:1767: checking for suffix of executables
configure:1769: gcc -o conftest    conftest.c  >&5
configure:1772: $? = 0
configure:1797: result: 
configure:1803: checking for suffix of object files
configure:1825: gcc -c   conftest.c >&5
configure:1828: $? = 0
configure:1850: result: o
configure:1854: checking whether we are using the GNU C compiler
configure:1879: gcc -c   conftest.c >&5
configure:1882: $? = 0
configure:1885: test -s conftest.o
configure:1888: $? = 0
configure:1901: result: yes
configure:1907: checking whether gcc accepts -g
configure:1929: gcc -c -g  conftest.c >&5
configure:1932: $? = 0
configure:1935: test -s conftest.o
configure:1938: $? = 0
configure:1949: result: yes
configure:1966: checking for gcc option to accept ANSI C
configure:2027: gcc  -c -g -O2  conftest.c >&5
configure:2030: $? = 0
configure:2033: test -s conftest.o
configure:2036: $? = 0
configure:2054: result: none needed
configure:2072: gcc -c -g -O2  conftest.c >&5
conftest.c:2: syntax error before `me'
configure:2075: $? = 1
configure: failed program was:
| #ifndef __cplusplus
|   choke me
| #endif
configure:2225: checking for ranlib
configure:2241: found /usr/bin/ranlib
configure:2252: result: ranlib
configure:2267: checking for pthread_create in -lpthread
configure:2298: gcc -o conftest -g -O2   conftest.c -lpthread   >&5
/usr/libexec/elf/ld: cannot find -lpthread
configure:2301: $? = 1
configure: failed program was:
| #line 2274 "configure"
| /* confdefs.h.  */
| 
| #define PACKAGE_NAME ""
| #define PACKAGE_TARNAME ""
| #define PACKAGE_VERSION ""
| #define PACKAGE_STRING ""
| #define PACKAGE_BUGREPORT ""
| #define CPU_VENDOR_OS "i386-unknown-freebsd4.9"
| /* end confdefs.h.  */
| 
| /* Override any gcc2 internal prototype to avoid an error.  */
| #ifdef __cplusplus
| extern "C"
| #endif
| /* We use char because int might match the return type of a gcc2
|    builtin and then its argument prototype would still apply.  */
| char pthread_create ();
| int
| main ()
| {
| pthread_create ();
|   ;
|   return 0;
| }
configure:2319: result: no
configure:2334: checking for pthread_create in -lpthreads
configure:2365: gcc -o conftest -g -O2   conftest.c -lpthreads   >&5
/usr/libexec/elf/ld: cannot find -lpthreads
configure:2368: $? = 1
configure: failed program was:
| #line 2341 "configure"
| /* confdefs.h.  */
| 
| #define PACKAGE_NAME ""
| #define PACKAGE_TARNAME ""
| #define PACKAGE_VERSION ""
| #define PACKAGE_STRING ""
| #define PACKAGE_BUGREPORT ""
| #define CPU_VENDOR_OS "i386-unknown-freebsd4.9"
| /* end confdefs.h.  */
| 
| /* Override any gcc2 internal prototype to avoid an error.  */
| #ifdef __cplusplus
| extern "C"
| #endif
| /* We use char because int might match the return type of a gcc2
|    builtin and then its argument prototype would still apply.  */
| char pthread_create ();
| int
| main ()
| {
| pthread_create ();
|   ;
|   return 0;
| }
configure:2386: result: no
configure:2403: checking for t_open in -lnsl
configure:2434: gcc -o conftest -g -O2   conftest.c -lnsl   >&5
/usr/libexec/elf/ld: cannot find -lnsl
configure:2437: $? = 1
configure: failed program was:
| #line 2410 "configure"
| /* confdefs.h.  */
| 
| #define PACKAGE_NAME ""
| #define PACKAGE_TARNAME ""
| #define PACKAGE_VERSION ""
| #define PACKAGE_STRING ""
| #define PACKAGE_BUGREPORT ""
| #define CPU_VENDOR_OS "i386-unknown-freebsd4.9"
| /* end confdefs.h.  */
| 
| /* Override any gcc2 internal prototype to avoid an error.  */
| #ifdef __cplusplus
| extern "C"
| #endif
| /* We use char because int might match the return type of a gcc2
|    builtin and then its argument prototype would still apply.  */
| char t_open ();
| int
| main ()
| {
| t_open ();
|   ;
|   return 0;
| }
configure:2455: result: no
configure:2466: checking for library containing socket
configure:2497: gcc -o conftest -g -O2   conftest.c  >&5
configure:2500: $? = 0
configure:2503: test -s conftest
configure:2506: $? = 0
configure:2565: result: none required
configure:2573: checking for /usr/local/bind/lib/libbind.a
configure:2580: result: no
configure:2582: checking for /usr/rrs/libbind.a
configure:2589: result: no
configure:2591: checking for /usr/rrs/libresolv.a
configure:2598: result: no
configure:2601: checking for res_init in -lresolv
configure:2632: gcc -o conftest -g -O2   conftest.c -lresolv   >&5
/usr/libexec/elf/ld: cannot find -lresolv
configure:2635: $? = 1
configure: failed program was:
| #line 2608 "configure"
| /* confdefs.h.  */
| 
| #define PACKAGE_NAME ""
| #define PACKAGE_TARNAME ""
| #define PACKAGE_VERSION ""
| #define PACKAGE_STRING ""
| #define PACKAGE_BUGREPORT ""
| #define CPU_VENDOR_OS "i386-unknown-freebsd4.9"
| /* end confdefs.h.  */
| 
| /* Override any gcc2 internal prototype to avoid an error.  */
| #ifdef __cplusplus
| extern "C"
| #endif
| /* We use char because int might match the return type of a gcc2
|    builtin and then its argument prototype would still apply.  */
| char res_init ();
| int
| main ()
| {
| res_init ();
|   ;
|   return 0;
| }
configure:2653: result: no
configure:2669: checking for t_open in -lxti
configure:2700: gcc -o conftest -g -O2   conftest.c -lxti   >&5
/usr/libexec/elf/ld: cannot find -lxti
configure:2703: $? = 1
configure: failed program was:
| #line 2676 "configure"
| /* confdefs.h.  */
| 
| #define PACKAGE_NAME ""
| #define PACKAGE_TARNAME ""
| #define PACKAGE_VERSION ""
| #define PACKAGE_STRING ""
| #define PACKAGE_BUGREPORT ""
| #define CPU_VENDOR_OS "i386-unknown-freebsd4.9"
| /* end confdefs.h.  */
| 
| /* Override any gcc2 internal prototype to avoid an error.  */
| #ifdef __cplusplus
| extern "C"
| #endif
| /* We use char because int might match the return type of a gcc2
|    builtin and then its argument prototype would still apply.  */
| char t_open ();
| int
| main ()
| {
| t_open ();
|   ;
|   return 0;
| }
configure:2721: result: no
configure:2733: checking for /usr/rrs/libunp.a
configure:2741: result: no
configure:2747: checking for /usr/rrs/libunpxti.a
configure:2755: result: no
configure:2766: checking how to run the C preprocessor
configure:2802: gcc -E  conftest.c
configure:2808: $? = 0
configure:2840: gcc -E  conftest.c
configure:2840: ac_nonexistent.h: No such file or directory
configure:2846: $? = 1
configure: failed program was:
| #line 2831 "configure"
| /* confdefs.h.  */
| 
| #define PACKAGE_NAME ""
| #define PACKAGE_TARNAME ""
| #define PACKAGE_VERSION ""
| #define PACKAGE_STRING ""
| #define PACKAGE_BUGREPORT ""
| #define CPU_VENDOR_OS "i386-unknown-freebsd4.9"
| /* end confdefs.h.  */
| #include <ac_nonexistent.h>
configure:2884: result: gcc -E
configure:2909: gcc -E  conftest.c
configure:2915: $? = 0
configure:2947: gcc -E  conftest.c
configure:2947: ac_nonexistent.h: No such file or directory
configure:2953: $? = 1
configure: failed program was:
| #line 2938 "configure"
| /* confdefs.h.  */
| 
| #define PACKAGE_NAME ""
| #define PACKAGE_TARNAME ""
| #define PACKAGE_VERSION ""
| #define PACKAGE_STRING ""
| #define PACKAGE_BUGREPORT ""
| #define CPU_VENDOR_OS "i386-unknown-freebsd4.9"
| /* end confdefs.h.  */
| #include <ac_nonexistent.h>
configure:2996: checking for egrep
configure:3006: result: grep -E
configure:3011: checking for ANSI C header files
configure:3037: gcc -c -g -O2  conftest.c >&5
configure:3040: $? = 0
configure:3043: test -s conftest.o
configure:3046: $? = 0
configure:3135: gcc -o conftest -g -O2   conftest.c  >&5
configure:3138: $? = 0
configure:3140: ./conftest
configure:3143: $? = 0
configure:3158: result: yes
configure:3205: checking for sys/types.h
configure:3259: gcc -c -g -O2  conftest.c >&5
configure:3262: $? = 0
configure:3265: test -s conftest.o
configure:3268: $? = 0
configure:3279: result: yes
configure:3205: checking for sys/socket.h
configure:3259: gcc -c -g -O2  conftest.c >&5
configure:3262: $? = 0
configure:3265: test -s conftest.o
configure:3268: $? = 0
configure:3279: result: yes
configure:3205: checking for sys/time.h
configure:3259: gcc -c -g -O2  conftest.c >&5
configure:3262: $? = 0
configure:3265: test -s conftest.o
configure:3268: $? = 0
configure:3279: result: yes
configure:3205: checking for time.h
configure:3259: gcc -c -g -O2  conftest.c >&5
configure:3262: $? = 0
configure:3265: test -s conftest.o
configure:3268: $? = 0
configure:3279: result: yes
configure:3205: checking for netinet/in.h
configure:3259: gcc -c -g -O2  conftest.c >&5
configure:3262: $? = 0
configure:3265: test -s conftest.o
configure:3268: $? = 0
configure:3279: result: yes
configure:3205: checking for arpa/inet.h
configure:3259: gcc -c -g -O2  conftest.c >&5
In file included from configure:3264:
/usr/include/arpa/inet.h:89: warning: parameter has incomplete type
/usr/include/arpa/inet.h:92: warning: parameter has incomplete type
/usr/include/arpa/inet.h:96: warning: parameter has incomplete type
configure:3262: $? = 0
configure:3265: test -s conftest.o
configure:3268: $? = 0
configure:3279: result: yes
configure:3205: checking for errno.h
configure:3259: gcc -c -g -O2  conftest.c >&5
configure:3262: $? = 0
configure:3265: test -s conftest.o
configure:3268: $? = 0
configure:3279: result: yes
configure:3205: checking for fcntl.h
configure:3259: gcc -c -g -O2  conftest.c >&5
configure:3262: $? = 0
configure:3265: test -s conftest.o
configure:3268: $? = 0
configure:3279: result: yes
configure:3205: checking for netdb.h
configure:3259: gcc -c -g -O2  conftest.c >&5
configure:3262: $? = 0
configure:3265: test -s conftest.o
configure:3268: $? = 0
configure:3279: result: yes
configure:3205: checking for signal.h
configure:3259: gcc -c -g -O2  conftest.c >&5
configure:3262: $? = 0
configure:3265: test -s conftest.o
configure:3268: $? = 0
configure:3279: result: yes
configure:3205: checking for stdio.h
configure:3259: gcc -c -g -O2  conftest.c >&5
configure:3262: $? = 0
configure:3265: test -s conftest.o
configure:3268: $? = 0
configure:3279: result: yes
configure:3205: checking for stdlib.h
configure:3259: gcc -c -g -O2  conftest.c >&5
configure:3262: $? = 0
configure:3265: test -s conftest.o
configure:3268: $? = 0
configure:3279: result: yes
configure:3205: checking for string.h
configure:3259: gcc -c -g -O2  conftest.c >&5
configure:3262: $? = 0
configure:3265: test -s conftest.o
configure:3268: $? = 0
configure:3279: result: yes
configure:3205: checking for sys/stat.h
configure:3259: gcc -c -g -O2  conftest.c >&5
configure:3262: $? = 0
configure:3265: test -s conftest.o
configure:3268: $? = 0
configure:3279: result: yes
configure:3205: checking for sys/uio.h
configure:3259: gcc -c -g -O2  conftest.c >&5
configure:3262: $? = 0
configure:3265: test -s conftest.o
configure:3268: $? = 0
configure:3279: result: yes
configure:3205: checking for unistd.h
configure:3259: gcc -c -g -O2  conftest.c >&5
configure:3262: $? = 0
configure:3265: test -s conftest.o
configure:3268: $? = 0
configure:3279: result: yes
configure:3205: checking for sys/wait.h
configure:3259: gcc -c -g -O2  conftest.c >&5
configure:3262: $? = 0
configure:3265: test -s conftest.o
configure:3268: $? = 0
configure:3279: result: yes
configure:3205: checking for sys/un.h
configure:3259: gcc -c -g -O2  conftest.c >&5
configure:3262: $? = 0
configure:3265: test -s conftest.o
configure:3268: $? = 0
configure:3279: result: yes
configure:3205: checking for sys/param.h
configure:3259: gcc -c -g -O2  conftest.c >&5
configure:3262: $? = 0
configure:3265: test -s conftest.o
configure:3268: $? = 0
configure:3279: result: yes
configure:3205: checking for sys/select.h
configure:3259: gcc -c -g -O2  conftest.c >&5
configure:3262: $? = 0
configure:3265: test -s conftest.o
configure:3268: $? = 0
configure:3279: result: yes
configure:3205: checking for sys/sysctl.h
configure:3259: gcc -c -g -O2  conftest.c >&5
configure:3262: $? = 0
configure:3265: test -s conftest.o
configure:3268: $? = 0
configure:3279: result: yes
configure:3205: checking for poll.h
configure:3259: gcc -c -g -O2  conftest.c >&5
configure:3262: $? = 0
configure:3265: test -s conftest.o
configure:3268: $? = 0
configure:3279: result: yes
configure:3205: checking for sys/event.h
configure:3259: gcc -c -g -O2  conftest.c >&5
configure:3262: $? = 0
configure:3265: test -s conftest.o
configure:3268: $? = 0
configure:3279: result: yes
configure:3205: checking for strings.h
configure:3259: gcc -c -g -O2  conftest.c >&5
configure:3262: $? = 0
configure:3265: test -s conftest.o
configure:3268: $? = 0
configure:3279: result: yes
configure:3205: checking for sys/ioctl.h
configure:3259: gcc -c -g -O2  conftest.c >&5
configure:3262: $? = 0
configure:3265: test -s conftest.o
configure:3268: $? = 0
configure:3279: result: yes
configure:3205: checking for sys/filio.h
configure:3259: gcc -c -g -O2  conftest.c >&5
configure:3262: $? = 0
configure:3265: test -s conftest.o
configure:3268: $? = 0
configure:3279: result: yes
configure:3205: checking for sys/sockio.h
configure:3259: gcc -c -g -O2  conftest.c >&5
configure:3262: $? = 0
configure:3265: test -s conftest.o
configure:3268: $? = 0
configure:3279: result: yes
configure:3205: checking for pthread.h
configure:3259: gcc -c -g -O2  conftest.c >&5
configure:3262: $? = 0
configure:3265: test -s conftest.o
configure:3268: $? = 0
configure:3279: result: yes
configure:3205: checking for net/if_dl.h
configure:3259: gcc -c -g -O2  conftest.c >&5
configure:3262: $? = 0
configure:3265: test -s conftest.o
configure:3268: $? = 0
configure:3279: result: yes
configure:3205: checking for xti.h
configure:3259: gcc -c -g -O2  conftest.c >&5
configure:3288: xti.h: No such file or directory
configure:3262: $? = 1
configure: failed program was:
| #line 3210 "configure"
| /* confdefs.h.  */
| 
| #define PACKAGE_NAME ""
| #define PACKAGE_TARNAME ""
| #define PACKAGE_VERSION ""
| #define PACKAGE_STRING ""
| #define PACKAGE_BUGREPORT ""
| #define CPU_VENDOR_OS "i386-unknown-freebsd4.9"
| #define STDC_HEADERS 1
| #define HAVE_SYS_TYPES_H 1
| #define HAVE_SYS_SOCKET_H 1
| #define HAVE_SYS_TIME_H 1
| #define HAVE_TIME_H 1
| #define HAVE_NETINET_IN_H 1
| #define HAVE_ARPA_INET_H 1
| #define HAVE_ERRNO_H 1
| #define HAVE_FCNTL_H 1
| #define HAVE_NETDB_H 1
| #define HAVE_SIGNAL_H 1
| #define HAVE_STDIO_H 1
| #define HAVE_STDLIB_H 1
| #define HAVE_STRING_H 1
| #define HAVE_SYS_STAT_H 1
| #define HAVE_SYS_UIO_H 1
| #define HAVE_UNISTD_H 1
| #define HAVE_SYS_WAIT_H 1
| #define HAVE_SYS_UN_H 1
| #define HAVE_SYS_PARAM_H 1
| #define HAVE_SYS_SELECT_H 1
| #define HAVE_SYS_SYSCTL_H 1
| #define HAVE_POLL_H 1
| #define HAVE_SYS_EVENT_H 1
| #define HAVE_STRINGS_H 1
| #define HAVE_SYS_IOCTL_H 1
| #define HAVE_SYS_FILIO_H 1
| #define HAVE_SYS_SOCKIO_H 1
| #define HAVE_PTHREAD_H 1
| #define HAVE_NET_IF_DL_H 1
| /* end confdefs.h.  */
| 
| #include <stdio.h>
| #if HAVE_SYS_TYPES_H
| # include <sys/types.h>
| #endif
| #if HAVE_SYS_STAT_H
| # include <sys/stat.h>
| #endif
| #if STDC_HEADERS
| # include <stdlib.h>
| # include <stddef.h>
| #else
| # if HAVE_STDLIB_H
| #  include <stdlib.h>
| # endif
| #endif
| #if HAVE_STRING_H
| # if !STDC_HEADERS && HAVE_MEMORY_H
| #  include <memory.h>
| # endif
| # include <string.h>
| #endif
| #if HAVE_STRINGS_H
| # include <strings.h>
| #endif
| #if HAVE_INTTYPES_H
| # include <inttypes.h>
| #else
| # if HAVE_STDINT_H
| #  include <stdint.h>
| # endif
| #endif
| #if HAVE_UNISTD_H
| # include <unistd.h>
| #endif
| #if HAVE_SYS_PARAM_H
| # include <sys/param.h>
| #endif
| 
| #include <xti.h>
configure:3279: result: no
configure:3205: checking for xti_inet.h
configure:3259: gcc -c -g -O2  conftest.c >&5
configure:3288: xti_inet.h: No such file or directory
configure:3262: $? = 1
configure: failed program was:
| #line 3210 "configure"
| /* confdefs.h.  */
| 
| #define PACKAGE_NAME ""
| #define PACKAGE_TARNAME ""
| #define PACKAGE_VERSION ""
| #define PACKAGE_STRING ""
| #define PACKAGE_BUGREPORT ""
| #define CPU_VENDOR_OS "i386-unknown-freebsd4.9"
| #define STDC_HEADERS 1
| #define HAVE_SYS_TYPES_H 1
| #define HAVE_SYS_SOCKET_H 1
| #define HAVE_SYS_TIME_H 1
| #define HAVE_TIME_H 1
| #define HAVE_NETINET_IN_H 1
| #define HAVE_ARPA_INET_H 1
| #define HAVE_ERRNO_H 1
| #define HAVE_FCNTL_H 1
| #define HAVE_NETDB_H 1
| #define HAVE_SIGNAL_H 1
| #define HAVE_STDIO_H 1
| #define HAVE_STDLIB_H 1
| #define HAVE_STRING_H 1
| #define HAVE_SYS_STAT_H 1
| #define HAVE_SYS_UIO_H 1
| #define HAVE_UNISTD_H 1
| #define HAVE_SYS_WAIT_H 1
| #define HAVE_SYS_UN_H 1
| #define HAVE_SYS_PARAM_H 1
| #define HAVE_SYS_SELECT_H 1
| #define HAVE_SYS_SYSCTL_H 1
| #define HAVE_POLL_H 1
| #define HAVE_SYS_EVENT_H 1
| #define HAVE_STRINGS_H 1
| #define HAVE_SYS_IOCTL_H 1
| #define HAVE_SYS_FILIO_H 1
| #define HAVE_SYS_SOCKIO_H 1
| #define HAVE_PTHREAD_H 1
| #define HAVE_NET_IF_DL_H 1
| /* end confdefs.h.  */
| 
| #include <stdio.h>
| #if HAVE_SYS_TYPES_H
| # include <sys/types.h>
| #endif
| #if HAVE_SYS_STAT_H
| # include <sys/stat.h>
| #endif
| #if STDC_HEADERS
| # include <stdlib.h>
| # include <stddef.h>
| #else
| # if HAVE_STDLIB_H
| #  include <stdlib.h>
| # endif
| #endif
| #if HAVE_STRING_H
| # if !STDC_HEADERS && HAVE_MEMORY_H
| #  include <memory.h>
| # endif
| # include <string.h>
| #endif
| #if HAVE_STRINGS_H
| # include <strings.h>
| #endif
| #if HAVE_INTTYPES_H
| # include <inttypes.h>
| #else
| # if HAVE_STDINT_H
| #  include <stdint.h>
| # endif
| #endif
| #if HAVE_UNISTD_H
| # include <unistd.h>
| #endif
| #if HAVE_SYS_PARAM_H
| # include <sys/param.h>
| #endif
| 
| #include <xti_inet.h>
configure:3279: result: no
configure:3205: checking for netconfig.h
configure:3259: gcc -c -g -O2  conftest.c >&5
configure:3288: netconfig.h: No such file or directory
configure:3262: $? = 1
configure: failed program was:
| #line 3210 "configure"
| /* confdefs.h.  */
| 
| #define PACKAGE_NAME ""
| #define PACKAGE_TARNAME ""
| #define PACKAGE_VERSION ""
| #define PACKAGE_STRING ""
| #define PACKAGE_BUGREPORT ""
| #define CPU_VENDOR_OS "i386-unknown-freebsd4.9"
| #define STDC_HEADERS 1
| #define HAVE_SYS_TYPES_H 1
| #define HAVE_SYS_SOCKET_H 1
| #define HAVE_SYS_TIME_H 1
| #define HAVE_TIME_H 1
| #define HAVE_NETINET_IN_H 1
| #define HAVE_ARPA_INET_H 1
| #define HAVE_ERRNO_H 1
| #define HAVE_FCNTL_H 1
| #define HAVE_NETDB_H 1
| #define HAVE_SIGNAL_H 1
| #define HAVE_STDIO_H 1
| #define HAVE_STDLIB_H 1
| #define HAVE_STRING_H 1
| #define HAVE_SYS_STAT_H 1
| #define HAVE_SYS_UIO_H 1
| #define HAVE_UNISTD_H 1
| #define HAVE_SYS_WAIT_H 1
| #define HAVE_SYS_UN_H 1
| #define HAVE_SYS_PARAM_H 1
| #define HAVE_SYS_SELECT_H 1
| #define HAVE_SYS_SYSCTL_H 1
| #define HAVE_POLL_H 1
| #define HAVE_SYS_EVENT_H 1
| #define HAVE_STRINGS_H 1
| #define HAVE_SYS_IOCTL_H 1
| #define HAVE_SYS_FILIO_H 1
| #define HAVE_SYS_SOCKIO_H 1
| #define HAVE_PTHREAD_H 1
| #define HAVE_NET_IF_DL_H 1
| /* end confdefs.h.  */
| 
| #include <stdio.h>
| #if HAVE_SYS_TYPES_H
| # include <sys/types.h>
| #endif
| #if HAVE_SYS_STAT_H
| # include <sys/stat.h>
| #endif
| #if STDC_HEADERS
| # include <stdlib.h>
| # include <stddef.h>
| #else
| # if HAVE_STDLIB_H
| #  include <stdlib.h>
| # endif
| #endif
| #if HAVE_STRING_H
| # if !STDC_HEADERS && HAVE_MEMORY_H
| #  include <memory.h>
| # endif
| # include <string.h>
| #endif
| #if HAVE_STRINGS_H
| # include <strings.h>
| #endif
| #if HAVE_INTTYPES_H
| # include <inttypes.h>
| #else
| # if HAVE_STDINT_H
| #  include <stdint.h>
| # endif
| #endif
| #if HAVE_UNISTD_H
| # include <unistd.h>
| #endif
| #if HAVE_SYS_PARAM_H
| # include <sys/param.h>
| #endif
| 
| #include <netconfig.h>
configure:3279: result: no
configure:3205: checking for netdir.h
configure:3259: gcc -c -g -O2  conftest.c >&5
configure:3288: netdir.h: No such file or directory
configure:3262: $? = 1
configure: failed program was:
| #line 3210 "configure"
| /* confdefs.h.  */
| 
| #define PACKAGE_NAME ""
| #define PACKAGE_TARNAME ""
| #define PACKAGE_VERSION ""
| #define PACKAGE_STRING ""
| #define PACKAGE_BUGREPORT ""
| #define CPU_VENDOR_OS "i386-unknown-freebsd4.9"
| #define STDC_HEADERS 1
| #define HAVE_SYS_TYPES_H 1
| #define HAVE_SYS_SOCKET_H 1
| #define HAVE_SYS_TIME_H 1
| #define HAVE_TIME_H 1
| #define HAVE_NETINET_IN_H 1
| #define HAVE_ARPA_INET_H 1
| #define HAVE_ERRNO_H 1
| #define HAVE_FCNTL_H 1
| #define HAVE_NETDB_H 1
| #define HAVE_SIGNAL_H 1
| #define HAVE_STDIO_H 1
| #define HAVE_STDLIB_H 1
| #define HAVE_STRING_H 1
| #define HAVE_SYS_STAT_H 1
| #define HAVE_SYS_UIO_H 1
| #define HAVE_UNISTD_H 1
| #define HAVE_SYS_WAIT_H 1
| #define HAVE_SYS_UN_H 1
| #define HAVE_SYS_PARAM_H 1
| #define HAVE_SYS_SELECT_H 1
| #define HAVE_SYS_SYSCTL_H 1
| #define HAVE_POLL_H 1
| #define HAVE_SYS_EVENT_H 1
| #define HAVE_STRINGS_H 1
| #define HAVE_SYS_IOCTL_H 1
| #define HAVE_SYS_FILIO_H 1
| #define HAVE_SYS_SOCKIO_H 1
| #define HAVE_PTHREAD_H 1
| #define HAVE_NET_IF_DL_H 1
| /* end confdefs.h.  */
| 
| #include <stdio.h>
| #if HAVE_SYS_TYPES_H
| # include <sys/types.h>
| #endif
| #if HAVE_SYS_STAT_H
| # include <sys/stat.h>
| #endif
| #if STDC_HEADERS
| # include <stdlib.h>
| # include <stddef.h>
| #else
| # if HAVE_STDLIB_H
| #  include <stdlib.h>
| # endif
| #endif
| #if HAVE_STRING_H
| # if !STDC_HEADERS && HAVE_MEMORY_H
| #  include <memory.h>
| # endif
| # include <string.h>
| #endif
| #if HAVE_STRINGS_H
| # include <strings.h>
| #endif
| #if HAVE_INTTYPES_H
| # include <inttypes.h>
| #else
| # if HAVE_STDINT_H
| #  include <stdint.h>
| # endif
| #endif
| #if HAVE_UNISTD_H
| # include <unistd.h>
| #endif
| #if HAVE_SYS_PARAM_H
| # include <sys/param.h>
| #endif
| 
| #include <netdir.h>
configure:3279: result: no
configure:3205: checking for stropts.h
configure:3259: gcc -c -g -O2  conftest.c >&5
configure:3288: stropts.h: No such file or directory
configure:3262: $? = 1
configure: failed program was:
| #line 3210 "configure"
| /* confdefs.h.  */
| 
| #define PACKAGE_NAME ""
| #define PACKAGE_TARNAME ""
| #define PACKAGE_VERSION ""
| #define PACKAGE_STRING ""
| #define PACKAGE_BUGREPORT ""
| #define CPU_VENDOR_OS "i386-unknown-freebsd4.9"
| #define STDC_HEADERS 1
| #define HAVE_SYS_TYPES_H 1
| #define HAVE_SYS_SOCKET_H 1
| #define HAVE_SYS_TIME_H 1
| #define HAVE_TIME_H 1
| #define HAVE_NETINET_IN_H 1
| #define HAVE_ARPA_INET_H 1
| #define HAVE_ERRNO_H 1
| #define HAVE_FCNTL_H 1
| #define HAVE_NETDB_H 1
| #define HAVE_SIGNAL_H 1
| #define HAVE_STDIO_H 1
| #define HAVE_STDLIB_H 1
| #define HAVE_STRING_H 1
| #define HAVE_SYS_STAT_H 1
| #define HAVE_SYS_UIO_H 1
| #define HAVE_UNISTD_H 1
| #define HAVE_SYS_WAIT_H 1
| #define HAVE_SYS_UN_H 1
| #define HAVE_SYS_PARAM_H 1
| #define HAVE_SYS_SELECT_H 1
| #define HAVE_SYS_SYSCTL_H 1
| #define HAVE_POLL_H 1
| #define HAVE_SYS_EVENT_H 1
| #define HAVE_STRINGS_H 1
| #define HAVE_SYS_IOCTL_H 1
| #define HAVE_SYS_FILIO_H 1
| #define HAVE_SYS_SOCKIO_H 1
| #define HAVE_PTHREAD_H 1
| #define HAVE_NET_IF_DL_H 1
| /* end confdefs.h.  */
| 
| #include <stdio.h>
| #if HAVE_SYS_TYPES_H
| # include <sys/types.h>
| #endif
| #if HAVE_SYS_STAT_H
| # include <sys/stat.h>
| #endif
| #if STDC_HEADERS
| # include <stdlib.h>
| # include <stddef.h>
| #else
| # if HAVE_STDLIB_H
| #  include <stdlib.h>
| # endif
| #endif
| #if HAVE_STRING_H
| # if !STDC_HEADERS && HAVE_MEMORY_H
| #  include <memory.h>
| # endif
| # include <string.h>
| #endif
| #if HAVE_STRINGS_H
| # include <strings.h>
| #endif
| #if HAVE_INTTYPES_H
| # include <inttypes.h>
| #else
| # if HAVE_STDINT_H
| #  include <stdint.h>
| # endif
| #endif
| #if HAVE_UNISTD_H
| # include <unistd.h>
| #endif
| #if HAVE_SYS_PARAM_H
| # include <sys/param.h>
| #endif
| 
| #include <stropts.h>
configure:3279: result: no
configure:3291: checking whether time.h and sys/time.h may both be included
configure:3317: gcc -c -g -O2  conftest.c >&5
configure:3320: $? = 0
configure:3323: test -s conftest.o
configure:3326: $? = 0
configure:3337: result: yes
configure:3347: checking if uint8_t defined
configure:3439: gcc -c -g -O2  conftest.c >&5
configure:3442: $? = 0
configure:3445: test -s conftest.o
configure:3448: $? = 0
configure:3460: result: yes
configure:3470: checking if int16_t defined
configure:3562: gcc -c -g -O2  conftest.c >&5
configure:3565: $? = 0
configure:3568: test -s conftest.o
configure:3571: $? = 0
configure:3583: result: yes
configure:3593: checking if uint16_t defined
configure:3685: gcc -c -g -O2  conftest.c >&5
configure:3688: $? = 0
configure:3691: test -s conftest.o
configure:3694: $? = 0
configure:3706: result: yes
configure:3716: checking if int32_t defined
configure:3808: gcc -c -g -O2  conftest.c >&5
configure:3811: $? = 0
configure:3814: test -s conftest.o
configure:3817: $? = 0
configure:3829: result: yes
configure:3839: checking if uint32_t defined
configure:3931: gcc -c -g -O2  conftest.c >&5
configure:3934: $? = 0
configure:3937: test -s conftest.o
configure:3940: $? = 0
configure:3952: result: yes
configure:3962: checking if size_t defined
configure:4054: gcc -c -g -O2  conftest.c >&5
configure:4057: $? = 0
configure:4060: test -s conftest.o
configure:4063: $? = 0
configure:4075: result: yes
configure:4085: checking if ssize_t defined
configure:4177: gcc -c -g -O2  conftest.c >&5
configure:4180: $? = 0
configure:4183: test -s conftest.o
configure:4186: $? = 0
configure:4198: result: yes
configure:4208: checking if socklen_t defined
configure:4300: gcc -c -g -O2  conftest.c >&5
configure:4303: $? = 0
configure:4306: test -s conftest.o
configure:4309: $? = 0
configure:4321: result: yes
configure:4331: checking if sa_family_t defined
configure:4423: gcc -c -g -O2  conftest.c >&5
configure:4426: $? = 0
configure:4429: test -s conftest.o
configure:4432: $? = 0
configure:4444: result: yes
configure:4455: checking if t_scalar_t defined
configure:4562: gcc -c -g -O2  conftest.c >&5
configure: In function `main':
configure:4589: syntax error before `foo'
configure:4565: $? = 1
configure: failed program was:
| #line 4460 "configure"
| /* confdefs.h.  */
| 
| #define PACKAGE_NAME ""
| #define PACKAGE_TARNAME ""
| #define PACKAGE_VERSION ""
| #define PACKAGE_STRING ""
| #define PACKAGE_BUGREPORT ""
| #define CPU_VENDOR_OS "i386-unknown-freebsd4.9"
| #define STDC_HEADERS 1
| #define HAVE_SYS_TYPES_H 1
| #define HAVE_SYS_SOCKET_H 1
| #define HAVE_SYS_TIME_H 1
| #define HAVE_TIME_H 1
| #define HAVE_NETINET_IN_H 1
| #define HAVE_ARPA_INET_H 1
| #define HAVE_ERRNO_H 1
| #define HAVE_FCNTL_H 1
| #define HAVE_NETDB_H 1
| #define HAVE_SIGNAL_H 1
| #define HAVE_STDIO_H 1
| #define HAVE_STDLIB_H 1
| #define HAVE_STRING_H 1
| #define HAVE_SYS_STAT_H 1
| #define HAVE_SYS_UIO_H 1
| #define HAVE_UNISTD_H 1
| #define HAVE_SYS_WAIT_H 1
| #define HAVE_SYS_UN_H 1
| #define HAVE_SYS_PARAM_H 1
| #define HAVE_SYS_SELECT_H 1
| #define HAVE_SYS_SYSCTL_H 1
| #define HAVE_POLL_H 1
| #define HAVE_SYS_EVENT_H 1
| #define HAVE_STRINGS_H 1
| #define HAVE_SYS_IOCTL_H 1
| #define HAVE_SYS_FILIO_H 1
| #define HAVE_SYS_SOCKIO_H 1
| #define HAVE_PTHREAD_H 1
| #define HAVE_NET_IF_DL_H 1
| #define TIME_WITH_SYS_TIME 1
| /* end confdefs.h.  */
| 
| #include	"confdefs.h"	/* the header built by configure so far */
| #ifdef	HAVE_SYS_TYPES_H
| #  include	<sys/types.h>
| #endif
| #ifdef	HAVE_SYS_SOCKET_H
| #  include	<sys/socket.h>
| #endif
| #ifdef	HAVE_SYS_TIME_H
| #  include    <sys/time.h>
| #endif
| #ifdef	HAVE_NETINET_IN_H
| #  include    <netinet/in.h>
| #endif
| #ifdef	HAVE_ARPA_INET_H
| #  include    <arpa/inet.h>
| #endif
| #ifdef	HAVE_ERRNO_H
| #  include    <errno.h>
| #endif
| #ifdef	HAVE_FCNTL_H
| #  include    <fcntl.h>
| #endif
| #ifdef	HAVE_NETDB_H
| #  include	<netdb.h>
| #endif
| #ifdef	HAVE_SIGNAL_H
| #  include	<signal.h>
| #endif
| #ifdef	HAVE_STDIO_H
| #  include	<stdio.h>
| #endif
| #ifdef	HAVE_STDLIB_H
| #  include	<stdlib.h>
| #endif
| #ifdef	HAVE_STRING_H
| #  include	<string.h>
| #endif
| #ifdef	HAVE_SYS_STAT_H
| #  include	<sys/stat.h>
| #endif
| #ifdef	HAVE_SYS_UIO_H
| #  include	<sys/uio.h>
| #endif
| #ifdef	HAVE_UNISTD_H
| #  include	<unistd.h>
| #endif
| #ifdef	HAVE_SYS_WAIT_H
| #  include	<sys/wait.h>
| #endif
| #ifdef	HAVE_SYS_UN_H
| #  include	<sys/un.h>
| #endif
| #ifdef	HAVE_SYS_SELECT_H
| # include   <sys/select.h>
| #endif
| #ifdef	HAVE_STRINGS_H
| # include   <strings.h>
| #endif
| #ifdef	HAVE_SYS_IOCTL_H
| # include   <sys/ioctl.h>
| #endif
| #ifdef	HAVE_SYS_FILIO_H
| # include   <sys/filio.h>
| #endif
| #ifdef	HAVE_SYS_SOCKIO_H
| # include   <sys/sockio.h>
| #endif
| #ifdef	HAVE_PTHREAD_H
| #  include	<pthread.h>
| #endif
| #ifdef	HAVE_POLL_H
| #  include	<poll.h>
| #endif
| #ifdef	HAVE_XTI_H
| #  include	<xti.h>
| #endif
| #ifdef	HAVE_NETCONFIG_H
| #  include	<netconfig.h>
| #endif
| #ifdef	HAVE_NETDIR_H
| #  include	<netdir.h>
| #endif
| #ifdef	HAVE_STROPTS_H
| #  include	<stropts.h>
| #endif
| int
| main ()
| {
|  t_scalar_t foo
|   ;
|   return 0;
| }
configure:4583: result: no
configure:4593: checking if t_uscalar_t defined
configure:4700: gcc -c -g -O2  conftest.c >&5
configure: In function `main':
configure:4728: syntax error before `foo'
configure:4703: $? = 1
configure: failed program was:
| #line 4598 "configure"
| /* confdefs.h.  */
| 
| #define PACKAGE_NAME ""
| #define PACKAGE_TARNAME ""
| #define PACKAGE_VERSION ""
| #define PACKAGE_STRING ""
| #define PACKAGE_BUGREPORT ""
| #define CPU_VENDOR_OS "i386-unknown-freebsd4.9"
| #define STDC_HEADERS 1
| #define HAVE_SYS_TYPES_H 1
| #define HAVE_SYS_SOCKET_H 1
| #define HAVE_SYS_TIME_H 1
| #define HAVE_TIME_H 1
| #define HAVE_NETINET_IN_H 1
| #define HAVE_ARPA_INET_H 1
| #define HAVE_ERRNO_H 1
| #define HAVE_FCNTL_H 1
| #define HAVE_NETDB_H 1
| #define HAVE_SIGNAL_H 1
| #define HAVE_STDIO_H 1
| #define HAVE_STDLIB_H 1
| #define HAVE_STRING_H 1
| #define HAVE_SYS_STAT_H 1
| #define HAVE_SYS_UIO_H 1
| #define HAVE_UNISTD_H 1
| #define HAVE_SYS_WAIT_H 1
| #define HAVE_SYS_UN_H 1
| #define HAVE_SYS_PARAM_H 1
| #define HAVE_SYS_SELECT_H 1
| #define HAVE_SYS_SYSCTL_H 1
| #define HAVE_POLL_H 1
| #define HAVE_SYS_EVENT_H 1
| #define HAVE_STRINGS_H 1
| #define HAVE_SYS_IOCTL_H 1
| #define HAVE_SYS_FILIO_H 1
| #define HAVE_SYS_SOCKIO_H 1
| #define HAVE_PTHREAD_H 1
| #define HAVE_NET_IF_DL_H 1
| #define TIME_WITH_SYS_TIME 1
| #define t_scalar_t int32_t
| /* end confdefs.h.  */
| 
| #include	"confdefs.h"	/* the header built by configure so far */
| #ifdef	HAVE_SYS_TYPES_H
| #  include	<sys/types.h>
| #endif
| #ifdef	HAVE_SYS_SOCKET_H
| #  include	<sys/socket.h>
| #endif
| #ifdef	HAVE_SYS_TIME_H
| #  include    <sys/time.h>
| #endif
| #ifdef	HAVE_NETINET_IN_H
| #  include    <netinet/in.h>
| #endif
| #ifdef	HAVE_ARPA_INET_H
| #  include    <arpa/inet.h>
| #endif
| #ifdef	HAVE_ERRNO_H
| #  include    <errno.h>
| #endif
| #ifdef	HAVE_FCNTL_H
| #  include    <fcntl.h>
| #endif
| #ifdef	HAVE_NETDB_H
| #  include	<netdb.h>
| #endif
| #ifdef	HAVE_SIGNAL_H
| #  include	<signal.h>
| #endif
| #ifdef	HAVE_STDIO_H
| #  include	<stdio.h>
| #endif
| #ifdef	HAVE_STDLIB_H
| #  include	<stdlib.h>
| #endif
| #ifdef	HAVE_STRING_H
| #  include	<string.h>
| #endif
| #ifdef	HAVE_SYS_STAT_H
| #  include	<sys/stat.h>
| #endif
| #ifdef	HAVE_SYS_UIO_H
| #  include	<sys/uio.h>
| #endif
| #ifdef	HAVE_UNISTD_H
| #  include	<unistd.h>
| #endif
| #ifdef	HAVE_SYS_WAIT_H
| #  include	<sys/wait.h>
| #endif
| #ifdef	HAVE_SYS_UN_H
| #  include	<sys/un.h>
| #endif
| #ifdef	HAVE_SYS_SELECT_H
| # include   <sys/select.h>
| #endif
| #ifdef	HAVE_STRINGS_H
| # include   <strings.h>
| #endif
| #ifdef	HAVE_SYS_IOCTL_H
| # include   <sys/ioctl.h>
| #endif
| #ifdef	HAVE_SYS_FILIO_H
| # include   <sys/filio.h>
| #endif
| #ifdef	HAVE_SYS_SOCKIO_H
| # include   <sys/sockio.h>
| #endif
| #ifdef	HAVE_PTHREAD_H
| #  include	<pthread.h>
| #endif
| #ifdef	HAVE_POLL_H
| #  include	<poll.h>
| #endif
| #ifdef	HAVE_XTI_H
| #  include	<xti.h>
| #endif
| #ifdef	HAVE_NETCONFIG_H
| #  include	<netconfig.h>
| #endif
| #ifdef	HAVE_NETDIR_H
| #  include	<netdir.h>
| #endif
| #ifdef	HAVE_STROPTS_H
| #  include	<stropts.h>
| #endif
| int
| main ()
| {
|  t_uscalar_t foo
|   ;
|   return 0;
| }
configure:4721: result: no
configure:4732: checking for struct sockaddr.sa_len
configure:4759: gcc -c -g -O2  conftest.c >&5
configure:4762: $? = 0
configure:4765: test -s conftest.o
configure:4768: $? = 0
configure:4819: result: yes
configure:4845: checking for struct sockaddr_storage
configure:4873: gcc -c -g -O2  conftest.c >&5
configure:4876: $? = 0
configure:4879: test -s conftest.o
configure:4882: $? = 0
configure:4893: result: yes
configure:4901: checking for struct sockaddr_storage.ss_family
configure:4928: gcc -c -g -O2  conftest.c >&5
configure:4931: $? = 0
configure:4934: test -s conftest.o
configure:4937: $? = 0
configure:4988: result: yes
configure:5099: checking for struct msghdr.msg_control
configure:5126: gcc -c -g -O2  conftest.c >&5
configure:5129: $? = 0
configure:5132: test -s conftest.o
configure:5135: $? = 0
configure:5186: result: yes
configure:5197: checking for struct ifreq.ifr_mtu
configure:5224: gcc -c -g -O2  conftest.c >&5
configure:5227: $? = 0
configure:5230: test -s conftest.o
configure:5233: $? = 0
configure:5284: result: yes
configure:5296: checking for getaddrinfo function prototype in netdb.h
configure:5320: result: yes
configure:5330: checking for getnameinfo function prototype in netdb.h
configure:5354: result: yes
configure:5364: checking for gethostname function prototype in unistd.h
configure:5388: result: yes
configure:5398: checking for getrusage function prototype in sys/resource.h
configure:5422: result: yes
configure:5432: checking for hstrerror function prototype in netdb.h
configure:5456: result: yes
configure:5466: checking for if_nametoindex function prototype in net/if.h
configure:5490: result: yes
configure:5500: checking for inet_aton function prototype in arpa/inet.h
configure:5524: result: yes
configure:5534: checking for inet_pton function prototype in arpa/inet.h
configure:5558: result: yes
configure:5568: checking for pselect function prototype in sys/select.h
configure:5592: result: no
configure:5602: checking for snprintf function prototype in stdio.h
configure:5626: result: yes
configure:5636: checking for sockatmark function prototype in sys/socket.h
configure:5660: result: no
configure:5693: checking for struct addrinfo
configure:5720: gcc -c -g -O2  conftest.c >&5
configure:5723: $? = 0
configure:5726: test -s conftest.o
configure:5729: $? = 0
configure:5740: result: yes
configure:5751: checking for struct if_nameindex
configure:5780: gcc -c -g -O2  conftest.c >&5
configure:5783: $? = 0
configure:5786: test -s conftest.o
configure:5789: $? = 0
configure:5800: result: yes
configure:5811: checking for struct sockaddr_dl
configure:5840: gcc -c -g -O2  conftest.c >&5
configure:5843: $? = 0
configure:5846: test -s conftest.o
configure:5849: $? = 0
configure:5860: result: yes
configure:5871: checking for struct timespec
configure:5908: gcc -c -g -O2  conftest.c >&5
configure:5911: $? = 0
configure:5914: test -s conftest.o
configure:5917: $? = 0
configure:5928: result: yes
configure:5939: checking for /dev/tcp
configure:5950: result: no
configure:5953: checking for /dev/xti/tcp
configure:5964: result: no
configure:5967: checking for /dev/streams/xtiso/tcp
configure:5978: result: no
configure:5988: checking for bzero
configure:6038: gcc -o conftest -g -O2   conftest.c  >&5
configure:6041: $? = 0
configure:6044: test -s conftest
configure:6047: $? = 0
configure:6058: result: yes
configure:6072: checking for getaddrinfo
configure:6122: gcc -o conftest -g -O2   conftest.c  >&5
configure:6125: $? = 0
configure:6128: test -s conftest
configure:6131: $? = 0
configure:6142: result: yes
configure:6156: checking for gethostname
configure:6206: gcc -o conftest -g -O2   conftest.c  >&5
configure:6209: $? = 0
configure:6212: test -s conftest
configure:6215: $? = 0
configure:6226: result: yes
configure:6240: checking for gethostbyname2
configure:6290: gcc -o conftest -g -O2   conftest.c  >&5
configure:6293: $? = 0
configure:6296: test -s conftest
configure:6299: $? = 0
configure:6310: result: yes
configure:6324: checking for gethostbyname_r
configure:6374: gcc -o conftest -g -O2   conftest.c  >&5
/tmp/ccZ02ANm.o: In function `main':
/usr/rrs/sctpBsd/unpcode/unpv13e/configure:6424: undefined reference to `gethostbyname_r'
/tmp/ccZ02ANm.o: In function `main':
/usr/rrs/sctpBsd/unpcode/unpv13e/conftest.c:6424: undefined reference to `gethostbyname_r'
configure:6377: $? = 1
configure: failed program was:
| #line 6329 "configure"
| /* confdefs.h.  */
| 
| #define PACKAGE_NAME ""
| #define PACKAGE_TARNAME ""
| #define PACKAGE_VERSION ""
| #define PACKAGE_STRING ""
| #define PACKAGE_BUGREPORT ""
| #define CPU_VENDOR_OS "i386-unknown-freebsd4.9"
| #define STDC_HEADERS 1
| #define HAVE_SYS_TYPES_H 1
| #define HAVE_SYS_SOCKET_H 1
| #define HAVE_SYS_TIME_H 1
| #define HAVE_TIME_H 1
| #define HAVE_NETINET_IN_H 1
| #define HAVE_ARPA_INET_H 1
| #define HAVE_ERRNO_H 1
| #define HAVE_FCNTL_H 1
| #define HAVE_NETDB_H 1
| #define HAVE_SIGNAL_H 1
| #define HAVE_STDIO_H 1
| #define HAVE_STDLIB_H 1
| #define HAVE_STRING_H 1
| #define HAVE_SYS_STAT_H 1
| #define HAVE_SYS_UIO_H 1
| #define HAVE_UNISTD_H 1
| #define HAVE_SYS_WAIT_H 1
| #define HAVE_SYS_UN_H 1
| #define HAVE_SYS_PARAM_H 1
| #define HAVE_SYS_SELECT_H 1
| #define HAVE_SYS_SYSCTL_H 1
| #define HAVE_POLL_H 1
| #define HAVE_SYS_EVENT_H 1
| #define HAVE_STRINGS_H 1
| #define HAVE_SYS_IOCTL_H 1
| #define HAVE_SYS_FILIO_H 1
| #define HAVE_SYS_SOCKIO_H 1
| #define HAVE_PTHREAD_H 1
| #define HAVE_NET_IF_DL_H 1
| #define TIME_WITH_SYS_TIME 1
| #define t_scalar_t int32_t
| #define t_uscalar_t uint32_t
| #define HAVE_SOCKADDR_SA_LEN 1
| #define HAVE_STRUCT_SOCKADDR_STORAGE 1
| #define HAVE_MSGHDR_MSG_CONTROL 1
| #define HAVE_STRUCT_IFREQ_IFR_MTU 1
| #define HAVE_GETADDRINFO_PROTO 1
| #define HAVE_GETNAMEINFO_PROTO 1
| #define HAVE_GETHOSTNAME_PROTO 1
| #define HAVE_GETRUSAGE_PROTO 1
| #define HAVE_HSTRERROR_PROTO 1
| #define HAVE_IF_NAMETOINDEX_PROTO 1
| #define HAVE_INET_ATON_PROTO 1
| #define HAVE_INET_PTON_PROTO 1
| #define HAVE_SNPRINTF_PROTO 1
| #define HAVE_ADDRINFO_STRUCT 1
| #define HAVE_IF_NAMEINDEX_STRUCT 1
| #define HAVE_SOCKADDR_DL_STRUCT 1
| #define HAVE_TIMESPEC_STRUCT 1
| #define HAVE_BZERO 1
| #define HAVE_GETADDRINFO 1
| #define HAVE_GETHOSTNAME 1
| #define HAVE_GETHOSTBYNAME2 1
| /* end confdefs.h.  */
| /* System header to define __stub macros and hopefully few prototypes,
|     which can conflict with char gethostbyname_r (); below.
|     Prefer <limits.h> to <assert.h> if __STDC__ is defined, since
|     <limits.h> exists even on freestanding compilers.  */
| #ifdef __STDC__
| # include <limits.h>
| #else
| # include <assert.h>
| #endif
| /* Override any gcc2 internal prototype to avoid an error.  */
| #ifdef __cplusplus
| extern "C"
| {
| #endif
| /* We use char because int might match the return type of a gcc2
|    builtin and then its argument prototype would still apply.  */
| char gethostbyname_r ();
| /* The GNU C library defines this for functions which it implements
|     to always fail with ENOSYS.  Some functions are actually named
|     something starting with __ and the normal name is an alias.  */
| #if defined (__stub_gethostbyname_r) || defined (__stub___gethostbyname_r)
| choke me
| #else
| char (*f) () = gethostbyname_r;
| #endif
| #ifdef __cplusplus
| }
| #endif
| 
| int
| main ()
| {
| return f != gethostbyname_r;
|   ;
|   return 0;
| }
configure:6394: result: no
configure:6408: checking for getnameinfo
configure:6458: gcc -o conftest -g -O2   conftest.c  >&5
configure:6461: $? = 0
configure:6464: test -s conftest
configure:6467: $? = 0
configure:6478: result: yes
configure:6492: checking for hstrerror
configure:6542: gcc -o conftest -g -O2   conftest.c  >&5
configure:6545: $? = 0
configure:6548: test -s conftest
configure:6551: $? = 0
configure:6562: result: yes
configure:6576: checking for if_nametoindex
configure:6626: gcc -o conftest -g -O2   conftest.c  >&5
configure:6629: $? = 0
configure:6632: test -s conftest
configure:6635: $? = 0
configure:6646: result: yes
configure:6660: checking for inet_aton
configure:6710: gcc -o conftest -g -O2   conftest.c  >&5
configure:6713: $? = 0
configure:6716: test -s conftest
configure:6719: $? = 0
configure:6730: result: yes
configure:6744: checking for inet_pton
configure:6794: gcc -o conftest -g -O2   conftest.c  >&5
configure:6797: $? = 0
configure:6800: test -s conftest
configure:6803: $? = 0
configure:6814: result: yes
configure:6828: checking for inet6_rth_init
configure:6878: gcc -o conftest -g -O2   conftest.c  >&5
/tmp/cc7Kyds2.o: In function `main':
/usr/rrs/sctpBsd/unpcode/unpv13e/configure:6933: undefined reference to `inet6_rth_init'
/tmp/cc7Kyds2.o: In function `main':
/usr/rrs/sctpBsd/unpcode/unpv13e/conftest.c:6933: undefined reference to `inet6_rth_init'
configure:6881: $? = 1
configure: failed program was:
| #line 6833 "configure"
| /* confdefs.h.  */
| 
| #define PACKAGE_NAME ""
| #define PACKAGE_TARNAME ""
| #define PACKAGE_VERSION ""
| #define PACKAGE_STRING ""
| #define PACKAGE_BUGREPORT ""
| #define CPU_VENDOR_OS "i386-unknown-freebsd4.9"
| #define STDC_HEADERS 1
| #define HAVE_SYS_TYPES_H 1
| #define HAVE_SYS_SOCKET_H 1
| #define HAVE_SYS_TIME_H 1
| #define HAVE_TIME_H 1
| #define HAVE_NETINET_IN_H 1
| #define HAVE_ARPA_INET_H 1
| #define HAVE_ERRNO_H 1
| #define HAVE_FCNTL_H 1
| #define HAVE_NETDB_H 1
| #define HAVE_SIGNAL_H 1
| #define HAVE_STDIO_H 1
| #define HAVE_STDLIB_H 1
| #define HAVE_STRING_H 1
| #define HAVE_SYS_STAT_H 1
| #define HAVE_SYS_UIO_H 1
| #define HAVE_UNISTD_H 1
| #define HAVE_SYS_WAIT_H 1
| #define HAVE_SYS_UN_H 1
| #define HAVE_SYS_PARAM_H 1
| #define HAVE_SYS_SELECT_H 1
| #define HAVE_SYS_SYSCTL_H 1
| #define HAVE_POLL_H 1
| #define HAVE_SYS_EVENT_H 1
| #define HAVE_STRINGS_H 1
| #define HAVE_SYS_IOCTL_H 1
| #define HAVE_SYS_FILIO_H 1
| #define HAVE_SYS_SOCKIO_H 1
| #define HAVE_PTHREAD_H 1
| #define HAVE_NET_IF_DL_H 1
| #define TIME_WITH_SYS_TIME 1
| #define t_scalar_t int32_t
| #define t_uscalar_t uint32_t
| #define HAVE_SOCKADDR_SA_LEN 1
| #define HAVE_STRUCT_SOCKADDR_STORAGE 1
| #define HAVE_MSGHDR_MSG_CONTROL 1
| #define HAVE_STRUCT_IFREQ_IFR_MTU 1
| #define HAVE_GETADDRINFO_PROTO 1
| #define HAVE_GETNAMEINFO_PROTO 1
| #define HAVE_GETHOSTNAME_PROTO 1
| #define HAVE_GETRUSAGE_PROTO 1
| #define HAVE_HSTRERROR_PROTO 1
| #define HAVE_IF_NAMETOINDEX_PROTO 1
| #define HAVE_INET_ATON_PROTO 1
| #define HAVE_INET_PTON_PROTO 1
| #define HAVE_SNPRINTF_PROTO 1
| #define HAVE_ADDRINFO_STRUCT 1
| #define HAVE_IF_NAMEINDEX_STRUCT 1
| #define HAVE_SOCKADDR_DL_STRUCT 1
| #define HAVE_TIMESPEC_STRUCT 1
| #define HAVE_BZERO 1
| #define HAVE_GETADDRINFO 1
| #define HAVE_GETHOSTNAME 1
| #define HAVE_GETHOSTBYNAME2 1
| #define HAVE_GETNAMEINFO 1
| #define HAVE_HSTRERROR 1
| #define HAVE_IF_NAMETOINDEX 1
| #define HAVE_INET_ATON 1
| #define HAVE_INET_PTON 1
| /* end confdefs.h.  */
| /* System header to define __stub macros and hopefully few prototypes,
|     which can conflict with char inet6_rth_init (); below.
|     Prefer <limits.h> to <assert.h> if __STDC__ is defined, since
|     <limits.h> exists even on freestanding compilers.  */
| #ifdef __STDC__
| # include <limits.h>
| #else
| # include <assert.h>
| #endif
| /* Override any gcc2 internal prototype to avoid an error.  */
| #ifdef __cplusplus
| extern "C"
| {
| #endif
| /* We use char because int might match the return type of a gcc2
|    builtin and then its argument prototype would still apply.  */
| char inet6_rth_init ();
| /* The GNU C library defines this for functions which it implements
|     to always fail with ENOSYS.  Some functions are actually named
|     something starting with __ and the normal name is an alias.  */
| #if defined (__stub_inet6_rth_init) || defined (__stub___inet6_rth_init)
| choke me
| #else
| char (*f) () = inet6_rth_init;
| #endif
| #ifdef __cplusplus
| }
| #endif
| 
| int
| main ()
| {
| return f != inet6_rth_init;
|   ;
|   return 0;
| }
configure:6898: result: no
configure:6913: checking for kqueue
configure:6963: gcc -o conftest -g -O2   conftest.c  >&5
configure:6966: $? = 0
configure:6969: test -s conftest
configure:6972: $? = 0
configure:6983: result: yes
configure:6913: checking for kevent
configure:6963: gcc -o conftest -g -O2   conftest.c  >&5
configure:6966: $? = 0
configure:6969: test -s conftest
configure:6972: $? = 0
configure:6983: result: yes
configure:6997: checking for mkstemp
configure:7047: gcc -o conftest -g -O2   conftest.c  >&5
configure:7050: $? = 0
configure:7053: test -s conftest
configure:7056: $? = 0
configure:7067: result: yes
configure:7081: checking for poll
configure:7131: gcc -o conftest -g -O2   conftest.c  >&5
configure:7134: $? = 0
configure:7137: test -s conftest
configure:7140: $? = 0
configure:7151: result: yes
configure:7165: checking for pselect
configure:7215: gcc -o conftest -g -O2   conftest.c  >&5
/tmp/ccEjFCx2.o: In function `main':
/usr/rrs/sctpBsd/unpcode/unpv13e/configure:7274: undefined reference to `pselect'
/tmp/ccEjFCx2.o: In function `main':
/usr/rrs/sctpBsd/unpcode/unpv13e/conftest.c:7274: undefined reference to `pselect'
configure:7218: $? = 1
configure: failed program was:
| #line 7170 "configure"
| /* confdefs.h.  */
| 
| #define PACKAGE_NAME ""
| #define PACKAGE_TARNAME ""
| #define PACKAGE_VERSION ""
| #define PACKAGE_STRING ""
| #define PACKAGE_BUGREPORT ""
| #define CPU_VENDOR_OS "i386-unknown-freebsd4.9"
| #define STDC_HEADERS 1
| #define HAVE_SYS_TYPES_H 1
| #define HAVE_SYS_SOCKET_H 1
| #define HAVE_SYS_TIME_H 1
| #define HAVE_TIME_H 1
| #define HAVE_NETINET_IN_H 1
| #define HAVE_ARPA_INET_H 1
| #define HAVE_ERRNO_H 1
| #define HAVE_FCNTL_H 1
| #define HAVE_NETDB_H 1
| #define HAVE_SIGNAL_H 1
| #define HAVE_STDIO_H 1
| #define HAVE_STDLIB_H 1
| #define HAVE_STRING_H 1
| #define HAVE_SYS_STAT_H 1
| #define HAVE_SYS_UIO_H 1
| #define HAVE_UNISTD_H 1
| #define HAVE_SYS_WAIT_H 1
| #define HAVE_SYS_UN_H 1
| #define HAVE_SYS_PARAM_H 1
| #define HAVE_SYS_SELECT_H 1
| #define HAVE_SYS_SYSCTL_H 1
| #define HAVE_POLL_H 1
| #define HAVE_SYS_EVENT_H 1
| #define HAVE_STRINGS_H 1
| #define HAVE_SYS_IOCTL_H 1
| #define HAVE_SYS_FILIO_H 1
| #define HAVE_SYS_SOCKIO_H 1
| #define HAVE_PTHREAD_H 1
| #define HAVE_NET_IF_DL_H 1
| #define TIME_WITH_SYS_TIME 1
| #define t_scalar_t int32_t
| #define t_uscalar_t uint32_t
| #define HAVE_SOCKADDR_SA_LEN 1
| #define HAVE_STRUCT_SOCKADDR_STORAGE 1
| #define HAVE_MSGHDR_MSG_CONTROL 1
| #define HAVE_STRUCT_IFREQ_IFR_MTU 1
| #define HAVE_GETADDRINFO_PROTO 1
| #define HAVE_GETNAMEINFO_PROTO 1
| #define HAVE_GETHOSTNAME_PROTO 1
| #define HAVE_GETRUSAGE_PROTO 1
| #define HAVE_HSTRERROR_PROTO 1
| #define HAVE_IF_NAMETOINDEX_PROTO 1
| #define HAVE_INET_ATON_PROTO 1
| #define HAVE_INET_PTON_PROTO 1
| #define HAVE_SNPRINTF_PROTO 1
| #define HAVE_ADDRINFO_STRUCT 1
| #define HAVE_IF_NAMEINDEX_STRUCT 1
| #define HAVE_SOCKADDR_DL_STRUCT 1
| #define HAVE_TIMESPEC_STRUCT 1
| #define HAVE_BZERO 1
| #define HAVE_GETADDRINFO 1
| #define HAVE_GETHOSTNAME 1
| #define HAVE_GETHOSTBYNAME2 1
| #define HAVE_GETNAMEINFO 1
| #define HAVE_HSTRERROR 1
| #define HAVE_IF_NAMETOINDEX 1
| #define HAVE_INET_ATON 1
| #define HAVE_INET_PTON 1
| #define HAVE_KQUEUE 1
| #define HAVE_KEVENT 1
| #define HAVE_MKSTEMP 1
| #define HAVE_POLL 1
| /* end confdefs.h.  */
| /* System header to define __stub macros and hopefully few prototypes,
|     which can conflict with char pselect (); below.
|     Prefer <limits.h> to <assert.h> if __STDC__ is defined, since
|     <limits.h> exists even on freestanding compilers.  */
| #ifdef __STDC__
| # include <limits.h>
| #else
| # include <assert.h>
| #endif
| /* Override any gcc2 internal prototype to avoid an error.  */
| #ifdef __cplusplus
| extern "C"
| {
| #endif
| /* We use char because int might match the return type of a gcc2
|    builtin and then its argument prototype would still apply.  */
| char pselect ();
| /* The GNU C library defines this for functions which it implements
|     to always fail with ENOSYS.  Some functions are actually named
|     something starting with __ and the normal name is an alias.  */
| #if defined (__stub_pselect) || defined (__stub___pselect)
| choke me
| #else
| char (*f) () = pselect;
| #endif
| #ifdef __cplusplus
| }
| #endif
| 
| int
| main ()
| {
| return f != pselect;
|   ;
|   return 0;
| }
configure:7235: result: no
configure:7249: checking for snprintf
configure:7299: gcc -o conftest -g -O2   conftest.c  >&5
configure:7302: $? = 0
configure:7305: test -s conftest
configure:7308: $? = 0
configure:7319: result: yes
configure:7333: checking for sockatmark
configure:7383: gcc -o conftest -g -O2   conftest.c  >&5
/tmp/ccxrL4Dv.o: In function `main':
/usr/rrs/sctpBsd/unpcode/unpv13e/configure:7443: undefined reference to `sockatmark'
/tmp/ccxrL4Dv.o: In function `main':
/usr/rrs/sctpBsd/unpcode/unpv13e/conftest.c:7443: undefined reference to `sockatmark'
configure:7386: $? = 1
configure: failed program was:
| #line 7338 "configure"
| /* confdefs.h.  */
| 
| #define PACKAGE_NAME ""
| #define PACKAGE_TARNAME ""
| #define PACKAGE_VERSION ""
| #define PACKAGE_STRING ""
| #define PACKAGE_BUGREPORT ""
| #define CPU_VENDOR_OS "i386-unknown-freebsd4.9"
| #define STDC_HEADERS 1
| #define HAVE_SYS_TYPES_H 1
| #define HAVE_SYS_SOCKET_H 1
| #define HAVE_SYS_TIME_H 1
| #define HAVE_TIME_H 1
| #define HAVE_NETINET_IN_H 1
| #define HAVE_ARPA_INET_H 1
| #define HAVE_ERRNO_H 1
| #define HAVE_FCNTL_H 1
| #define HAVE_NETDB_H 1
| #define HAVE_SIGNAL_H 1
| #define HAVE_STDIO_H 1
| #define HAVE_STDLIB_H 1
| #define HAVE_STRING_H 1
| #define HAVE_SYS_STAT_H 1
| #define HAVE_SYS_UIO_H 1
| #define HAVE_UNISTD_H 1
| #define HAVE_SYS_WAIT_H 1
| #define HAVE_SYS_UN_H 1
| #define HAVE_SYS_PARAM_H 1
| #define HAVE_SYS_SELECT_H 1
| #define HAVE_SYS_SYSCTL_H 1
| #define HAVE_POLL_H 1
| #define HAVE_SYS_EVENT_H 1
| #define HAVE_STRINGS_H 1
| #define HAVE_SYS_IOCTL_H 1
| #define HAVE_SYS_FILIO_H 1
| #define HAVE_SYS_SOCKIO_H 1
| #define HAVE_PTHREAD_H 1
| #define HAVE_NET_IF_DL_H 1
| #define TIME_WITH_SYS_TIME 1
| #define t_scalar_t int32_t
| #define t_uscalar_t uint32_t
| #define HAVE_SOCKADDR_SA_LEN 1
| #define HAVE_STRUCT_SOCKADDR_STORAGE 1
| #define HAVE_MSGHDR_MSG_CONTROL 1
| #define HAVE_STRUCT_IFREQ_IFR_MTU 1
| #define HAVE_GETADDRINFO_PROTO 1
| #define HAVE_GETNAMEINFO_PROTO 1
| #define HAVE_GETHOSTNAME_PROTO 1
| #define HAVE_GETRUSAGE_PROTO 1
| #define HAVE_HSTRERROR_PROTO 1
| #define HAVE_IF_NAMETOINDEX_PROTO 1
| #define HAVE_INET_ATON_PROTO 1
| #define HAVE_INET_PTON_PROTO 1
| #define HAVE_SNPRINTF_PROTO 1
| #define HAVE_ADDRINFO_STRUCT 1
| #define HAVE_IF_NAMEINDEX_STRUCT 1
| #define HAVE_SOCKADDR_DL_STRUCT 1
| #define HAVE_TIMESPEC_STRUCT 1
| #define HAVE_BZERO 1
| #define HAVE_GETADDRINFO 1
| #define HAVE_GETHOSTNAME 1
| #define HAVE_GETHOSTBYNAME2 1
| #define HAVE_GETNAMEINFO 1
| #define HAVE_HSTRERROR 1
| #define HAVE_IF_NAMETOINDEX 1
| #define HAVE_INET_ATON 1
| #define HAVE_INET_PTON 1
| #define HAVE_KQUEUE 1
| #define HAVE_KEVENT 1
| #define HAVE_MKSTEMP 1
| #define HAVE_POLL 1
| #define HAVE_SNPRINTF 1
| /* end confdefs.h.  */
| /* System header to define __stub macros and hopefully few prototypes,
|     which can conflict with char sockatmark (); below.
|     Prefer <limits.h> to <assert.h> if __STDC__ is defined, since
|     <limits.h> exists even on freestanding compilers.  */
| #ifdef __STDC__
| # include <limits.h>
| #else
| # include <assert.h>
| #endif
| /* Override any gcc2 internal prototype to avoid an error.  */
| #ifdef __cplusplus
| extern "C"
| {
| #endif
| /* We use char because int might match the return type of a gcc2
|    builtin and then its argument prototype would still apply.  */
| char sockatmark ();
| /* The GNU C library defines this for functions which it implements
|     to always fail with ENOSYS.  Some functions are actually named
|     something starting with __ and the normal name is an alias.  */
| #if defined (__stub_sockatmark) || defined (__stub___sockatmark)
| choke me
| #else
| char (*f) () = sockatmark;
| #endif
| #ifdef __cplusplus
| }
| #endif
| 
| int
| main ()
| {
| return f != sockatmark;
|   ;
|   return 0;
| }
configure:7403: result: no
configure:7417: checking for vsnprintf
configure:7467: gcc -o conftest -g -O2   conftest.c  >&5
configure:7470: $? = 0
configure:7473: test -s conftest
configure:7476: $? = 0
configure:7487: result: yes
configure:7499: checking for IPv4 support
configure:7530: gcc -o conftest -g -O2   conftest.c  >&5
configure:7533: $? = 0
configure:7535: ./conftest
configure:7538: $? = 0
configure:7553: result: yes
configure:7568: checking for IPv6 support
configure:7599: gcc -o conftest -g -O2   conftest.c  >&5
configure:7602: $? = 0
configure:7604: ./conftest
configure:7607: $? = 0
configure:7622: result: yes
configure:7637: checking for Unix domain sockets
configure:7668: gcc -o conftest -g -O2   conftest.c  >&5
configure:7671: $? = 0
configure:7673: ./conftest
configure:7676: $? = 0
configure:7691: result: yes
configure:7706: checking for multicast support
configure:7740: gcc -o conftest -g -O2   conftest.c  >&5
configure:7743: $? = 0
configure:7745: ./conftest
configure:7748: $? = 0
configure:7763: result: yes
configure:7899: checking for -I/usr/rrs/doc/unp2ev1/src/include
configure:7906: result: no
configure:8020: creating ./config.status

## ---------------------- ##
## Running config.status. ##
## ---------------------- ##

This file was extended by config.status, which was
generated by GNU Autoconf 2.57.  Invocation command line was

  CONFIG_FILES    = 
  CONFIG_HEADERS  = 
  CONFIG_LINKS    = 
  CONFIG_COMMANDS = 
  $ ./config.status 

on ibmlap

config.status:628: creating Makefile
config.status:628: creating Make.defines
config.status:731: creating config.h

## ---------------- ##
## Cache variables. ##
## ---------------- ##

ac_cv_build=i386-unknown-freebsd4.9
ac_cv_build_alias=i386-unknown-freebsd4.9
ac_cv_c_compiler_gnu=yes
ac_cv_env_CC_set=
ac_cv_env_CC_value=
ac_cv_env_CFLAGS_set=
ac_cv_env_CFLAGS_value=
ac_cv_env_CPPFLAGS_set=
ac_cv_env_CPPFLAGS_value=
ac_cv_env_CPP_set=
ac_cv_env_CPP_value=
ac_cv_env_LDFLAGS_set=
ac_cv_env_LDFLAGS_value=
ac_cv_env_build_alias_set=
ac_cv_env_build_alias_value=
ac_cv_env_host_alias_set=
ac_cv_env_host_alias_value=
ac_cv_env_target_alias_set=
ac_cv_env_target_alias_value=
ac_cv_exeext=
ac_cv_func_bzero=yes
ac_cv_func_getaddrinfo=yes
ac_cv_func_gethostbyname2=yes
ac_cv_func_gethostbyname_r=no
ac_cv_func_gethostname=yes
ac_cv_func_getnameinfo=yes
ac_cv_func_hstrerror=yes
ac_cv_func_if_nametoindex=yes
ac_cv_func_inet6_rth_init=no
ac_cv_func_inet_aton=yes
ac_cv_func_inet_pton=yes
ac_cv_func_kevent=yes
ac_cv_func_kqueue=yes
ac_cv_func_mkstemp=yes
ac_cv_func_poll=yes
ac_cv_func_pselect=no
ac_cv_func_snprintf=yes
ac_cv_func_sockatmark=no
ac_cv_func_vsnprintf=yes
ac_cv_have_getaddrinfo_proto=yes
ac_cv_have_gethostname_proto=yes
ac_cv_have_getnameinfo_proto=yes
ac_cv_have_getrusage_proto=yes
ac_cv_have_hstrerror_proto=yes
ac_cv_have_if_nametoindex_proto=yes
ac_cv_have_inet_aton_proto=yes
ac_cv_have_inet_pton_proto=yes
ac_cv_have_pselect_proto=no
ac_cv_have_snprintf_proto=yes
ac_cv_have_sockatmark_proto=no
ac_cv_header_arpa_inet_h=yes
ac_cv_header_errno_h=yes
ac_cv_header_fcntl_h=yes
ac_cv_header_net_if_dl_h=yes
ac_cv_header_netconfig_h=no
ac_cv_header_netdb_h=yes
ac_cv_header_netdir_h=no
ac_cv_header_netinet_in_h=yes
ac_cv_header_poll_h=yes
ac_cv_header_pthread_h=yes
ac_cv_header_signal_h=yes
ac_cv_header_stdc=yes
ac_cv_header_stdio_h=yes
ac_cv_header_stdlib_h=yes
ac_cv_header_string_h=yes
ac_cv_header_strings_h=yes
ac_cv_header_stropts_h=no
ac_cv_header_sys_event_h=yes
ac_cv_header_sys_filio_h=yes
ac_cv_header_sys_ioctl_h=yes
ac_cv_header_sys_param_h=yes
ac_cv_header_sys_select_h=yes
ac_cv_header_sys_socket_h=yes
ac_cv_header_sys_sockio_h=yes
ac_cv_header_sys_stat_h=yes
ac_cv_header_sys_sysctl_h=yes
ac_cv_header_sys_time_h=yes
ac_cv_header_sys_types_h=yes
ac_cv_header_sys_uio_h=yes
ac_cv_header_sys_un_h=yes
ac_cv_header_sys_wait_h=yes
ac_cv_header_time=yes
ac_cv_header_time_h=yes
ac_cv_header_unistd_h=yes
ac_cv_header_xti_h=no
ac_cv_header_xti_inet_h=no
ac_cv_host=i386-unknown-freebsd4.9
ac_cv_host_alias=i386-unknown-freebsd4.9
ac_cv_ipv4=yes
ac_cv_ipv6=yes
ac_cv_lib_nsl_t_open=no
ac_cv_lib_pthread_pthread_create=no
ac_cv_lib_pthreads_pthread_create=no
ac_cv_lib_resolv_res_init=no
ac_cv_lib_xti_t_open=no
ac_cv_member_struct_ifreq_ifr_mtu=yes
ac_cv_member_struct_msghdr_msg_control=yes
ac_cv_member_struct_sockaddr_sa_len=yes
ac_cv_member_struct_sockaddr_storage_ss_family=yes
ac_cv_multicast=yes
ac_cv_objext=o
ac_cv_prog_CPP='gcc -E'
ac_cv_prog_ac_ct_CC=gcc
ac_cv_prog_ac_ct_RANLIB=ranlib
ac_cv_prog_cc_g=yes
ac_cv_prog_cc_stdc=
ac_cv_prog_egrep='grep -E'
ac_cv_search_socket='none required'
ac_cv_type_int16_t=yes
ac_cv_type_int32_t=yes
ac_cv_type_sa_family_t=yes
ac_cv_type_size_t=yes
ac_cv_type_socklen_t=yes
ac_cv_type_ssize_t=yes
ac_cv_type_struct_addrinfo=yes
ac_cv_type_struct_if_nameindex=yes
ac_cv_type_struct_sockaddr_dl=yes
ac_cv_type_struct_sockaddr_storage=yes
ac_cv_type_struct_timespec=yes
ac_cv_type_t_scalar_t=no
ac_cv_type_t_uscalar_t=no
ac_cv_type_uint16_t=yes
ac_cv_type_uint32_t=yes
ac_cv_type_uint8_t=yes
ac_cv_unixdomain=yes

## ----------------- ##
## Output variables. ##
## ----------------- ##

CC='gcc'
CFLAGS='-g -O2 -Wall'
CPP='gcc -E'
CPPFLAGS=''
DEFS='-DHAVE_CONFIG_H'
ECHO_C=''
ECHO_N='-n'
ECHO_T=''
EGREP='grep -E'
EXEEXT=''
LDFLAGS=''
LIBFREE_OBJS=' in_cksum.o inet_ntop.o inet_pton.o'
LIBGAI_OBJS=''
LIBOBJS=''
LIBROUTE_OBJS='get_rtaddrs.o if_indextoname.o if_nameindex.o if_nametoindex.o net_rt_iflist.o net_rt_dump.o sock_masktop.o'
LIBS=''
LIBS_XTI=''
LIBUNP='../libunp.a'
LIBUNPXTI='../libunpxti.a'
LIBUNPXTI_NAME='../libunpxti.a'
LIBUNP_NAME='../libunp.a'
LIBXTI_OBJS=' wrapxti.o xti_accept.o xti_flags_str.o xti_getopt.o xti_ntop.o xti_ntop_host.o xti_rdwr.o xti_setopt.o xti_str_opts.o xti_tlook_str.o'
LIB_OBJS=' connect_nonb.o connect_timeo.o daemon_inetd.o daemon_init.o dg_cli.o dg_echo.o error.o get_ifi_info.o gf_time.o host_serv.o family_to_level.o mcast_leave.o mcast_join.o mcast_get_if.o mcast_get_loop.o mcast_get_ttl.o mcast_set_if.o mcast_set_loop.o mcast_set_ttl.o my_addrs.o pselect.o read_fd.o readline.o readn.o readable_timeo.o rtt.o signal.o signal_intr.o sockatmark.o sock_bind_wild.o sock_cmp_addr.o sock_cmp_port.o sock_ntop.o sock_ntop_host.o sock_get_port.o sock_set_addr.o sock_set_port.o sock_set_wild.o sockfd_to_family.o str_cli.o str_echo.o tcp_connect.o tcp_listen.o tv_sub.o udp_client.o udp_connect.o udp_server.o wraplib.o wrapsock.o wrapstdio.o wrappthread.o wrapunix.o write_fd.o writen.o writable_timeo.o'
LTLIBOBJS=''
OBJEXT='o'
PACKAGE_BUGREPORT=''
PACKAGE_NAME=''
PACKAGE_STRING=''
PACKAGE_TARNAME=''
PACKAGE_VERSION=''
PATH_SEPARATOR=':'
RANLIB='ranlib'
SHELL='/bin/bash'
ac_ct_CC='gcc'
ac_ct_RANLIB='ranlib'
bindir='${exec_prefix}/bin'
build='i386-unknown-freebsd4.9'
build_alias=''
build_cpu='i386'
build_os='freebsd4.9'
build_vendor='unknown'
datadir='${prefix}/share'
exec_prefix='${prefix}'
host='i386-unknown-freebsd4.9'
host_alias=''
host_cpu='i386'
host_os='freebsd4.9'
host_vendor='unknown'
includedir='${prefix}/include'
infodir='${prefix}/info'
libdir='${exec_prefix}/lib'
libexecdir='${exec_prefix}/libexec'
localstatedir='${prefix}/var'
mandir='${prefix}/man'
oldincludedir='/usr/include'
prefix='/usr/local'
program_transform_name='s,x,x,'
sbindir='${exec_prefix}/sbin'
sharedstatedir='${prefix}/com'
sysconfdir='${prefix}/etc'
target_alias=''

## ----------- ##
## confdefs.h. ##
## ----------- ##

#define CPU_VENDOR_OS "i386-unknown-freebsd4.9"
#define HAVE_ADDRINFO_STRUCT 1
#define HAVE_ARPA_INET_H 1
#define HAVE_BZERO 1
#define HAVE_ERRNO_H 1
#define HAVE_FCNTL_H 1
#define HAVE_GETADDRINFO 1
#define HAVE_GETADDRINFO_PROTO 1
#define HAVE_GETHOSTBYNAME2 1
#define HAVE_GETHOSTNAME 1
#define HAVE_GETHOSTNAME_PROTO 1
#define HAVE_GETNAMEINFO 1
#define HAVE_GETNAMEINFO_PROTO 1
#define HAVE_GETRUSAGE_PROTO 1
#define HAVE_HSTRERROR 1
#define HAVE_HSTRERROR_PROTO 1
#define HAVE_IF_NAMEINDEX_STRUCT 1
#define HAVE_IF_NAMETOINDEX 1
#define HAVE_IF_NAMETOINDEX_PROTO 1
#define HAVE_INET_ATON 1
#define HAVE_INET_ATON_PROTO 1
#define HAVE_INET_PTON 1
#define HAVE_INET_PTON_PROTO 1
#define HAVE_KEVENT 1
#define HAVE_KQUEUE 1
#define HAVE_MKSTEMP 1
#define HAVE_MSGHDR_MSG_CONTROL 1
#define HAVE_NETDB_H 1
#define HAVE_NETINET_IN_H 1
#define HAVE_NET_IF_DL_H 1
#define HAVE_POLL 1
#define HAVE_POLL_H 1
#define HAVE_PTHREAD_H 1
#define HAVE_SIGNAL_H 1
#define HAVE_SNPRINTF 1
#define HAVE_SNPRINTF_PROTO 1
#define HAVE_SOCKADDR_DL_STRUCT 1
#define HAVE_SOCKADDR_SA_LEN 1
#define HAVE_STDIO_H 1
#define HAVE_STDLIB_H 1
#define HAVE_STRINGS_H 1
#define HAVE_STRING_H 1
#define HAVE_STRUCT_IFREQ_IFR_MTU 1
#define HAVE_STRUCT_SOCKADDR_STORAGE 1
#define HAVE_SYS_EVENT_H 1
#define HAVE_SYS_FILIO_H 1
#define HAVE_SYS_IOCTL_H 1
#define HAVE_SYS_PARAM_H 1
#define HAVE_SYS_SELECT_H 1
#define HAVE_SYS_SOCKET_H 1
#define HAVE_SYS_SOCKIO_H 1
#define HAVE_SYS_STAT_H 1
#define HAVE_SYS_SYSCTL_H 1
#define HAVE_SYS_TIME_H 1
#define HAVE_SYS_TYPES_H 1
#define HAVE_SYS_UIO_H 1
#define HAVE_SYS_UN_H 1
#define HAVE_SYS_WAIT_H 1
#define HAVE_TIMESPEC_STRUCT 1
#define HAVE_TIME_H 1
#define HAVE_UNISTD_H 1
#define HAVE_VSNPRINTF 1
#define IPV4 1
#define IPV6 1
#define IPv4 1
#define IPv6 1
#define MCAST 1
#define PACKAGE_BUGREPORT ""
#define PACKAGE_NAME ""
#define PACKAGE_STRING ""
#define PACKAGE_TARNAME ""
#define PACKAGE_VERSION ""
#define STDC_HEADERS 1
#define TIME_WITH_SYS_TIME 1
#define UNIXDOMAIN 1
#define UNIXdomain 1
#define t_scalar_t int32_t
#define t_uscalar_t uint32_t

configure: exit 0
