       1 0.024365   0.00031313
       2 0.050483   0.00030226
       3 0.075707   0.00030233
       4 0.101094   0.00030187
       6 0.151556   0.00030204
       8 0.202912   0.00030080
      12 0.303558   0.00030160
      13 0.330045   0.00030051
      16 0.405153   0.00030129
      19 0.480958   0.00030140
      21 0.532914   0.00030064
      24 0.608535   0.00030090
      27 0.686174   0.00030021
      29 0.735810   0.00030069
      32 0.812719   0.00030040
      35 0.881911   0.00030278
      45 1.141818   0.00030068
      48 1.221080   0.00029991
      51 1.296901   0.00030002
      61 1.539563   0.00030229
      64 1.622063   0.00030102
      67 1.691843   0.00030214
      93 2.345629   0.00030249
      96 2.423869   0.00030217
      99 2.498757   0.00030227
