max pass count set to 25
there are 13 entries in the control file
0: error_rate:6.0 transfer:10000 in blocks of 1420 snd_buf:0k rcv_buf 0k
1: error_rate:6.0 transfer:20000 in blocks of 1420 snd_buf:0k rcv_buf 0k
2: error_rate:6.0 transfer:30000 in blocks of 1420 snd_buf:0k rcv_buf 0k
3: error_rate:6.0 transfer:40000 in blocks of 1420 snd_buf:0k rcv_buf 0k
4: error_rate:6.0 transfer:50000 in blocks of 1420 snd_buf:0k rcv_buf 0k
5: error_rate:6.0 transfer:100000 in blocks of 1420 snd_buf:0k rcv_buf 0k
6: error_rate:6.0 transfer:150000 in blocks of 1420 snd_buf:0k rcv_buf 0k
7: error_rate:6.0 transfer:200000 in blocks of 1420 snd_buf:0k rcv_buf 0k
8: error_rate:6.0 transfer:300000 in blocks of 1420 snd_buf:0k rcv_buf 0k
9: error_rate:6.0 transfer:400000 in blocks of 1420 snd_buf:0k rcv_buf 0k
10: error_rate:6.0 transfer:500000 in blocks of 1420 snd_buf:0k rcv_buf 0k
11: error_rate:6.0 transfer:1000000 in blocks of 1420 snd_buf:0k rcv_buf 0k
12: error_rate:6.0 transfer:10000000 in blocks of 1420 snd_buf:0k rcv_buf 0k
Pass 1 now complete at Wed Mar 19 09:06:03 2003
Pass 2 now complete at Wed Mar 19 09:15:43 2003
Pass 3 now complete at Wed Mar 19 09:24:30 2003
Pass 4 now complete at Wed Mar 19 09:34:02 2003
Pass 5 now complete at Wed Mar 19 09:43:41 2003
Pass 6 now complete at Wed Mar 19 09:53:10 2003
Pass 7 now complete at Wed Mar 19 10:03:15 2003
Pass 8 now complete at Wed Mar 19 10:14:24 2003
Pass 9 now complete at Wed Mar 19 10:26:29 2003
Pass 10 now complete at Wed Mar 19 10:37:37 2003
Pass 11 now complete at Wed Mar 19 10:49:13 2003
Pass 12 now complete at Wed Mar 19 10:59:30 2003
Pass 13 now complete at Wed Mar 19 11:09:25 2003
Pass 14 now complete at Wed Mar 19 11:18:22 2003
Pass 15 now complete at Wed Mar 19 11:28:54 2003
Pass 16 now complete at Wed Mar 19 11:39:19 2003
Pass 17 now complete at Wed Mar 19 11:49:38 2003
Pass 18 now complete at Wed Mar 19 12:00:13 2003
Pass 19 now complete at Wed Mar 19 12:11:29 2003
Pass 20 now complete at Wed Mar 19 12:22:33 2003
Pass 21 now complete at Wed Mar 19 12:33:20 2003
Pass 22 now complete at Wed Mar 19 12:44:12 2003
Pass 23 now complete at Wed Mar 19 12:54:22 2003
Pass 24 now complete at Wed Mar 19 13:04:40 2003
Pass 25 now complete, program terminates
Pass 25 now complete at Wed Mar 19 13:15:32 2003
max pass count set to 25
there are 13 entries in the control file
0: error_rate:6.0 transfer:10000 in blocks of 1420 snd_buf:0k rcv_buf 0k
1: error_rate:6.0 transfer:20000 in blocks of 1420 snd_buf:0k rcv_buf 0k
2: error_rate:6.0 transfer:30000 in blocks of 1420 snd_buf:0k rcv_buf 0k
3: error_rate:6.0 transfer:40000 in blocks of 1420 snd_buf:0k rcv_buf 0k
4: error_rate:6.0 transfer:50000 in blocks of 1420 snd_buf:0k rcv_buf 0k
5: error_rate:6.0 transfer:100000 in blocks of 1420 snd_buf:0k rcv_buf 0k
6: error_rate:6.0 transfer:150000 in blocks of 1420 snd_buf:0k rcv_buf 0k
7: error_rate:6.0 transfer:200000 in blocks of 1420 snd_buf:0k rcv_buf 0k
8: error_rate:6.0 transfer:300000 in blocks of 1420 snd_buf:0k rcv_buf 0k
9: error_rate:6.0 transfer:400000 in blocks of 1420 snd_buf:0k rcv_buf 0k
10: error_rate:6.0 transfer:500000 in blocks of 1420 snd_buf:0k rcv_buf 0k
11: error_rate:6.0 transfer:1000000 in blocks of 1420 snd_buf:0k rcv_buf 0k
12: error_rate:6.0 transfer:10000000 in blocks of 1420 snd_buf:0k rcv_buf 0k
Pass 1 now complete at Wed Mar 19 23:03:56 2003
Pass 2 now complete at Wed Mar 19 23:14:07 2003
Pass 3 now complete at Wed Mar 19 23:24:33 2003
Pass 4 now complete at Wed Mar 19 23:38:09 2003
Pass 5 now complete at Wed Mar 19 23:47:05 2003
Pass 6 now complete at Wed Mar 19 23:56:59 2003
Pass 7 now complete at Thu Mar 20 00:07:14 2003
Pass 8 now complete at Thu Mar 20 00:19:54 2003
Pass 9 now complete at Thu Mar 20 00:29:43 2003
Pass 10 now complete at Thu Mar 20 00:39:29 2003
Pass 11 now complete at Thu Mar 20 00:48:46 2003
Pass 12 now complete at Thu Mar 20 01:00:09 2003
Pass 13 now complete at Thu Mar 20 01:09:21 2003
Pass 14 now complete at Thu Mar 20 01:19:04 2003
Pass 15 now complete at Thu Mar 20 01:28:26 2003
Pass 16 now complete at Thu Mar 20 01:38:57 2003
Pass 17 now complete at Thu Mar 20 01:48:48 2003
Pass 18 now complete at Thu Mar 20 01:58:01 2003
Pass 19 now complete at Thu Mar 20 02:07:21 2003
Pass 20 now complete at Thu Mar 20 02:17:50 2003
Pass 21 now complete at Thu Mar 20 02:27:29 2003
Pass 22 now complete at Thu Mar 20 02:36:35 2003
Pass 23 now complete at Thu Mar 20 02:47:45 2003
Pass 24 now complete at Thu Mar 20 02:57:35 2003
Pass 25 now complete, program terminates
Pass 25 now complete at Thu Mar 20 03:09:05 2003
max pass count set to 25
there are 13 entries in the control file
0: error_rate:5.0 transfer:10000 in blocks of 1420 snd_buf:0k rcv_buf 0k
1: error_rate:5.0 transfer:20000 in blocks of 1420 snd_buf:0k rcv_buf 0k
2: error_rate:5.0 transfer:30000 in blocks of 1420 snd_buf:0k rcv_buf 0k
3: error_rate:5.0 transfer:40000 in blocks of 1420 snd_buf:0k rcv_buf 0k
4: error_rate:5.0 transfer:50000 in blocks of 1420 snd_buf:0k rcv_buf 0k
5: error_rate:5.0 transfer:100000 in blocks of 1420 snd_buf:0k rcv_buf 0k
6: error_rate:5.0 transfer:150000 in blocks of 1420 snd_buf:0k rcv_buf 0k
7: error_rate:5.0 transfer:200000 in blocks of 1420 snd_buf:0k rcv_buf 0k
8: error_rate:5.0 transfer:300000 in blocks of 1420 snd_buf:0k rcv_buf 0k
9: error_rate:5.0 transfer:400000 in blocks of 1420 snd_buf:0k rcv_buf 0k
10: error_rate:5.0 transfer:500000 in blocks of 1420 snd_buf:0k rcv_buf 0k
11: error_rate:5.0 transfer:1000000 in blocks of 1420 snd_buf:0k rcv_buf 0k
12: error_rate:5.0 transfer:10000000 in blocks of 1420 snd_buf:0k rcv_buf 0k
Pass 1 now complete at Thu Mar 20 11:20:24 2003
Pass 2 now complete at Thu Mar 20 11:30:55 2003
Pass 3 now complete at Thu Mar 20 11:45:52 2003
Pass 4 now complete at Thu Mar 20 11:56:42 2003
Pass 5 now complete at Thu Mar 20 12:04:51 2003
Pass 6 now complete at Thu Mar 20 12:14:29 2003
Pass 7 now complete at Thu Mar 20 12:25:29 2003
Pass 8 now complete at Thu Mar 20 12:34:10 2003
Pass 9 now complete at Thu Mar 20 12:56:22 2003
Pass 10 now complete at Thu Mar 20 13:05:43 2003
Pass 11 now complete at Thu Mar 20 13:25:25 2003
Pass 12 now complete at Thu Mar 20 13:34:20 2003
Pass 13 now complete at Thu Mar 20 13:41:50 2003
Pass 14 now complete at Thu Mar 20 13:50:27 2003
Pass 15 now complete at Thu Mar 20 13:59:44 2003
Pass 16 now complete at Thu Mar 20 14:17:15 2003
Pass 17 now complete at Thu Mar 20 14:37:37 2003
Pass 18 now complete at Thu Mar 20 14:46:12 2003
Pass 19 now complete at Thu Mar 20 14:55:30 2003
Pass 20 now complete at Thu Mar 20 15:04:06 2003
Pass 21 now complete at Thu Mar 20 15:16:01 2003
Pass 22 now complete at Thu Mar 20 15:28:32 2003
Pass 23 now complete at Thu Mar 20 15:39:08 2003
Pass 24 now complete at Thu Mar 20 15:47:52 2003
Pass 25 now complete, program terminates
Pass 25 now complete at Thu Mar 20 15:58:03 2003
max pass count set to 25
there are 13 entries in the control file
0: error_rate:4.0 transfer:10000 in blocks of 1420 snd_buf:0k rcv_buf 0k
1: error_rate:4.0 transfer:20000 in blocks of 1420 snd_buf:0k rcv_buf 0k
2: error_rate:4.0 transfer:30000 in blocks of 1420 snd_buf:0k rcv_buf 0k
3: error_rate:4.0 transfer:40000 in blocks of 1420 snd_buf:0k rcv_buf 0k
4: error_rate:4.0 transfer:50000 in blocks of 1420 snd_buf:0k rcv_buf 0k
5: error_rate:4.0 transfer:100000 in blocks of 1420 snd_buf:0k rcv_buf 0k
6: error_rate:4.0 transfer:150000 in blocks of 1420 snd_buf:0k rcv_buf 0k
7: error_rate:4.0 transfer:200000 in blocks of 1420 snd_buf:0k rcv_buf 0k
8: error_rate:4.0 transfer:300000 in blocks of 1420 snd_buf:0k rcv_buf 0k
9: error_rate:4.0 transfer:400000 in blocks of 1420 snd_buf:0k rcv_buf 0k
10: error_rate:4.0 transfer:500000 in blocks of 1420 snd_buf:0k rcv_buf 0k
11: error_rate:4.0 transfer:1000000 in blocks of 1420 snd_buf:0k rcv_buf 0k
12: error_rate:4.0 transfer:10000000 in blocks of 1420 snd_buf:0k rcv_buf 0k
Pass 1 now complete at Fri Mar 21 07:19:25 2003
Pass 2 now complete at Fri Mar 21 08:21:54 2003
Pass 3 now complete at Fri Mar 21 09:16:25 2003
Pass 4 now complete at Fri Mar 21 10:23:22 2003
Pass 5 now complete at Fri Mar 21 10:33:41 2003
Pass 6 now complete at Fri Mar 21 11:09:23 2003
Pass 7 now complete at Fri Mar 21 11:52:12 2003
Pass 8 now complete at Fri Mar 21 12:09:15 2003
Pass 9 now complete at Fri Mar 21 12:52:22 2003
Pass 10 now complete at Fri Mar 21 13:00:07 2003
Pass 11 now complete at Fri Mar 21 13:09:05 2003
Pass 12 now complete at Fri Mar 21 13:27:57 2003
Pass 13 now complete at Fri Mar 21 13:35:41 2003
Pass 14 now complete at Fri Mar 21 14:09:37 2003
Pass 15 now complete at Fri Mar 21 14:36:35 2003
Pass 16 now complete at Fri Mar 21 14:44:27 2003
Pass 17 now complete at Fri Mar 21 14:58:17 2003
Pass 18 now complete at Fri Mar 21 15:06:00 2003
Pass 19 now complete at Fri Mar 21 15:13:44 2003
Failure causes exist in TCP pass
Pass 20 now complete at Fri Mar 21 15:17:45 2003
max pass count set to 25
there are 13 entries in the control file
0: error_rate:3.0 transfer:10000 in blocks of 1420 snd_buf:0k rcv_buf 0k
1: error_rate:3.0 transfer:20000 in blocks of 1420 snd_buf:0k rcv_buf 0k
2: error_rate:3.0 transfer:30000 in blocks of 1420 snd_buf:0k rcv_buf 0k
3: error_rate:3.0 transfer:40000 in blocks of 1420 snd_buf:0k rcv_buf 0k
4: error_rate:3.0 transfer:50000 in blocks of 1420 snd_buf:0k rcv_buf 0k
5: error_rate:3.0 transfer:100000 in blocks of 1420 snd_buf:0k rcv_buf 0k
6: error_rate:3.0 transfer:150000 in blocks of 1420 snd_buf:0k rcv_buf 0k
7: error_rate:3.0 transfer:200000 in blocks of 1420 snd_buf:0k rcv_buf 0k
8: error_rate:3.0 transfer:300000 in blocks of 1420 snd_buf:0k rcv_buf 0k
9: error_rate:3.0 transfer:400000 in blocks of 1420 snd_buf:0k rcv_buf 0k
10: error_rate:3.0 transfer:500000 in blocks of 1420 snd_buf:0k rcv_buf 0k
11: error_rate:3.0 transfer:1000000 in blocks of 1420 snd_buf:0k rcv_buf 0k
12: error_rate:3.0 transfer:10000000 in blocks of 1420 snd_buf:0k rcv_buf 0k
Failure causes exist in TCP pass
Pass 1 now complete at Sat Mar 22 09:32:58 2003
max pass count set to 13
there are 13 entries in the control file
0: error_rate:3.0 transfer:10000 in blocks of 1420 snd_buf:0k rcv_buf 0k
1: error_rate:3.0 transfer:20000 in blocks of 1420 snd_buf:0k rcv_buf 0k
2: error_rate:3.0 transfer:30000 in blocks of 1420 snd_buf:0k rcv_buf 0k
3: error_rate:3.0 transfer:40000 in blocks of 1420 snd_buf:0k rcv_buf 0k
4: error_rate:3.0 transfer:50000 in blocks of 1420 snd_buf:0k rcv_buf 0k
5: error_rate:3.0 transfer:100000 in blocks of 1420 snd_buf:0k rcv_buf 0k
6: error_rate:3.0 transfer:150000 in blocks of 1420 snd_buf:0k rcv_buf 0k
7: error_rate:3.0 transfer:200000 in blocks of 1420 snd_buf:0k rcv_buf 0k
8: error_rate:3.0 transfer:300000 in blocks of 1420 snd_buf:0k rcv_buf 0k
9: error_rate:3.0 transfer:400000 in blocks of 1420 snd_buf:0k rcv_buf 0k
10: error_rate:3.0 transfer:500000 in blocks of 1420 snd_buf:0k rcv_buf 0k
11: error_rate:3.0 transfer:1000000 in blocks of 1420 snd_buf:0k rcv_buf 0k
12: error_rate:3.0 transfer:10000000 in blocks of 1420 snd_buf:0k rcv_buf 0k
Failure causes exist in TCP pass
Pass 1 now complete at Sat Mar 22 13:45:49 2003
max pass count set to 13
there are 13 entries in the control file
0: error_rate:3.0 transfer:10000 in blocks of 1420 snd_buf:0k rcv_buf 0k
1: error_rate:3.0 transfer:20000 in blocks of 1420 snd_buf:0k rcv_buf 0k
2: error_rate:3.0 transfer:30000 in blocks of 1420 snd_buf:0k rcv_buf 0k
3: error_rate:3.0 transfer:40000 in blocks of 1420 snd_buf:0k rcv_buf 0k
4: error_rate:3.0 transfer:50000 in blocks of 1420 snd_buf:0k rcv_buf 0k
5: error_rate:3.0 transfer:100000 in blocks of 1420 snd_buf:0k rcv_buf 0k
6: error_rate:3.0 transfer:150000 in blocks of 1420 snd_buf:0k rcv_buf 0k
7: error_rate:3.0 transfer:200000 in blocks of 1420 snd_buf:0k rcv_buf 0k
8: error_rate:3.0 transfer:300000 in blocks of 1420 snd_buf:0k rcv_buf 0k
9: error_rate:3.0 transfer:400000 in blocks of 1420 snd_buf:0k rcv_buf 0k
10: error_rate:3.0 transfer:500000 in blocks of 1420 snd_buf:0k rcv_buf 0k
11: error_rate:3.0 transfer:1000000 in blocks of 1420 snd_buf:0k rcv_buf 0k
12: error_rate:3.0 transfer:10000000 in blocks of 1420 snd_buf:0k rcv_buf 0k
Failure causes exist in TCP pass
Pass 1 now complete at Sun Mar 23 06:27:38 2003
