This file contains any messages produced by compilers while
running configure, to aid debugging if configure makes a mistake.

It was created by configure, which was
generated by GNU Autoconf 2.61.  Invocation command line was

  $ ./configure 

## --------- ##
## Platform. ##
## --------- ##

hostname = stewlap
uname -m = i386
uname -r = 7.0-BETA4
uname -s = FreeBSD
uname -v = FreeBSD 7.0-BETA4 #49: Thu Dec 20 08:24:49 EST 2007     rrs@stewlap:/usr/src/sys/i386/compile/ibmlap 

/usr/bin/uname -p = i386
/bin/uname -X     = unknown

/bin/arch              = unknown
/usr/bin/arch -k       = unknown
/usr/convex/getsysinfo = unknown
/usr/bin/hostinfo      = unknown
/bin/machine           = unknown
/usr/bin/oslevel       = unknown
/bin/universe          = unknown

PATH: /usr/rrs/bin
PATH: /usr/rrs/mpich/bin
PATH: /usr/bin
PATH: /usr/local/v6/bin
PATH: /usr/local/v6/sbin
PATH: /usr/local/bin
PATH: /usr/ucb
PATH: /usr/games
PATH: /bin
PATH: /sbin
PATH: /usr/X11R6/bin
PATH: /usr/local/bin
PATH: /usr/local/sbin
PATH: /usr/sbin


## ----------- ##
## Core tests. ##
## ----------- ##

configure:1763: checking for a BSD-compatible install
configure:1819: result: /usr/bin/install -c
configure:1830: checking whether build environment is sane
configure:1873: result: yes
configure:1906: checking for gawk
configure:1922: found /usr/local/bin/gawk
configure:1933: result: gawk
configure:1944: checking whether make sets $(MAKE)
configure:1965: result: yes
configure:2175: checking for gcc
configure:2191: found /usr/bin/gcc
configure:2202: result: gcc
configure:2440: checking for C compiler version
configure:2447: gcc --version >&5
gcc (GCC) 4.2.1 20070719  [FreeBSD]
Copyright (C) 2007 Free Software Foundation, Inc.
This is free software; see the source for copying conditions.  There is NO
warranty; not even for MERCHANTABILITY or FITNESS FOR A PARTICULAR PURPOSE.

configure:2450: $? = 0
configure:2457: gcc -v >&5
Using built-in specs.
Target: i386-undermydesk-freebsd
Configured with: FreeBSD/i386 system compiler
Thread model: posix
gcc version 4.2.1 20070719  [FreeBSD]
configure:2460: $? = 0
configure:2467: gcc -V >&5
gcc: '-V' option must have argument
configure:2470: $? = 1
configure:2493: checking for C compiler default output file name
configure:2520: gcc    conftest.c  >&5
configure:2523: $? = 0
configure:2561: result: a.out
configure:2578: checking whether the C compiler works
configure:2588: ./a.out
configure:2591: $? = 0
configure:2608: result: yes
configure:2615: checking whether we are cross compiling
configure:2617: result: no
configure:2620: checking for suffix of executables
configure:2627: gcc -o conftest    conftest.c  >&5
configure:2630: $? = 0
configure:2654: result: 
configure:2660: checking for suffix of object files
configure:2686: gcc -c   conftest.c >&5
configure:2689: $? = 0
configure:2712: result: o
configure:2716: checking whether we are using the GNU C compiler
configure:2745: gcc -c   conftest.c >&5
configure:2751: $? = 0
configure:2768: result: yes
configure:2773: checking whether gcc accepts -g
configure:2803: gcc -c -g  conftest.c >&5
configure:2809: $? = 0
configure:2908: result: yes
configure:2925: checking for gcc option to accept ISO C89
configure:2999: gcc  -c -g -O2  conftest.c >&5
configure:3005: $? = 0
configure:3028: result: none needed
configure:3065: checking for style of include used by make
configure:3093: result: GNU
configure:3121: checking dependency style of gcc
configure:3183: result: gcc3
configure:3195: checking build system type
configure:3213: result: i386-unknown-freebsd7.0
configure:3235: checking host system type
configure:3250: result: i386-unknown-freebsd7.0
configure:3291: checking how to run the C preprocessor
configure:3331: gcc -E  conftest.c
configure:3337: $? = 0
configure:3368: gcc -E  conftest.c
conftest.c:10:28: error: ac_nonexistent.h: No such file or directory
configure:3374: $? = 1
configure: failed program was:
| /* confdefs.h.  */
| #define PACKAGE_NAME ""
| #define PACKAGE_TARNAME ""
| #define PACKAGE_VERSION ""
| #define PACKAGE_STRING ""
| #define PACKAGE_BUGREPORT ""
| #define PACKAGE "registrar"
| #define VERSION "0.1"
| /* end confdefs.h.  */
| #include <ac_nonexistent.h>
configure:3407: result: gcc -E
configure:3436: gcc -E  conftest.c
configure:3442: $? = 0
configure:3473: gcc -E  conftest.c
conftest.c:10:28: error: ac_nonexistent.h: No such file or directory
configure:3479: $? = 1
configure: failed program was:
| /* confdefs.h.  */
| #define PACKAGE_NAME ""
| #define PACKAGE_TARNAME ""
| #define PACKAGE_VERSION ""
| #define PACKAGE_STRING ""
| #define PACKAGE_BUGREPORT ""
| #define PACKAGE "registrar"
| #define VERSION "0.1"
| /* end confdefs.h.  */
| #include <ac_nonexistent.h>
configure:3517: checking for grep that handles long lines and -e
configure:3591: result: /usr/bin/grep
configure:3596: checking for egrep
configure:3674: result: /usr/bin/grep -E
configure:3679: checking for ANSI C header files
configure:3709: gcc -c -g -O2 -Wall -pedantic -ansi -Wno-variadic-macros  conftest.c >&5
configure:3715: $? = 0
configure:3814: gcc -o conftest -g -O2 -Wall -pedantic -ansi -Wno-variadic-macros   conftest.c  >&5
configure:3817: $? = 0
configure:3823: ./conftest
configure:3826: $? = 0
configure:3843: result: yes
configure:3867: checking for sys/types.h
configure:3888: gcc -c -g -O2 -Wall -pedantic -ansi -Wno-variadic-macros  conftest.c >&5
configure:3894: $? = 0
configure:3910: result: yes
configure:3867: checking for sys/stat.h
configure:3888: gcc -c -g -O2 -Wall -pedantic -ansi -Wno-variadic-macros  conftest.c >&5
configure:3894: $? = 0
configure:3910: result: yes
configure:3867: checking for stdlib.h
configure:3888: gcc -c -g -O2 -Wall -pedantic -ansi -Wno-variadic-macros  conftest.c >&5
configure:3894: $? = 0
configure:3910: result: yes
configure:3867: checking for string.h
configure:3888: gcc -c -g -O2 -Wall -pedantic -ansi -Wno-variadic-macros  conftest.c >&5
configure:3894: $? = 0
configure:3910: result: yes
configure:3867: checking for memory.h
configure:3888: gcc -c -g -O2 -Wall -pedantic -ansi -Wno-variadic-macros  conftest.c >&5
configure:3894: $? = 0
configure:3910: result: yes
configure:3867: checking for strings.h
configure:3888: gcc -c -g -O2 -Wall -pedantic -ansi -Wno-variadic-macros  conftest.c >&5
configure:3894: $? = 0
configure:3910: result: yes
configure:3867: checking for inttypes.h
configure:3888: gcc -c -g -O2 -Wall -pedantic -ansi -Wno-variadic-macros  conftest.c >&5
configure:3894: $? = 0
configure:3910: result: yes
configure:3867: checking for stdint.h
configure:3888: gcc -c -g -O2 -Wall -pedantic -ansi -Wno-variadic-macros  conftest.c >&5
configure:3894: $? = 0
configure:3910: result: yes
configure:3867: checking for unistd.h
configure:3888: gcc -c -g -O2 -Wall -pedantic -ansi -Wno-variadic-macros  conftest.c >&5
configure:3894: $? = 0
configure:3910: result: yes
configure:3922: checking for size_t
configure:3952: gcc -c -g -O2 -Wall -pedantic -ansi -Wno-variadic-macros  conftest.c >&5
configure:3958: $? = 0
configure:3973: result: yes
configure:3976: checking for ssize_t
configure:4006: gcc -c -g -O2 -Wall -pedantic -ansi -Wno-variadic-macros  conftest.c >&5
configure:4012: $? = 0
configure:4027: result: yes
configure:4036: checking for socket
configure:4092: gcc -o conftest -g -O2 -Wall -pedantic -ansi -Wno-variadic-macros   conftest.c  >&5
configure:4098: $? = 0
configure:4116: result: yes
configure:4202: checking for inet_addr
configure:4258: gcc -o conftest -g -O2 -Wall -pedantic -ansi -Wno-variadic-macros   conftest.c  >&5
configure:4264: $? = 0
configure:4282: result: yes
configure:4368: checking for sctp_sendmsg
configure:4424: gcc -o conftest -g -O2 -Wall -pedantic -ansi -Wno-variadic-macros   conftest.c  >&5
configure:4430: $? = 0
configure:4448: result: yes
configure:4534: checking for sctp_sendx
configure:4590: gcc -o conftest -g -O2 -Wall -pedantic -ansi -Wno-variadic-macros   conftest.c  >&5
configure:4596: $? = 0
configure:4614: result: yes
configure:4702: checking for sys/types.h
configure:4708: result: yes
configure:4837: checking for struct sockaddr_in.sin_len
configure:4869: gcc -c -g -O2 -Wall -pedantic -ansi -Wno-variadic-macros  conftest.c >&5
configure:4875: $? = 0
configure:4936: result: yes
configure:4948: checking for socklen_t
configure:4974: gcc -c -g -O2 -Wall -pedantic -ansi -Wno-variadic-macros  conftest.c >&5
configure:4980: $? = 0
configure:4985: result: yes
configure:5003: checking for SCTP_SENDALL
configure:5031: gcc -c -g -O2 -Wall -pedantic -ansi -Wno-variadic-macros  conftest.c >&5
configure:5037: $? = 0
configure:5042: result: yes
configure:5060: checking for INADDR_NONE
configure:5088: gcc -c -g -O2 -Wall -pedantic -ansi -Wno-variadic-macros  conftest.c >&5
conftest.c: In function 'main':
conftest.c:36: warning: unused variable 'x'
configure:5094: $? = 0
configure:5099: result: yes
configure:5255: creating ./config.status

## ---------------------- ##
## Running config.status. ##
## ---------------------- ##

This file was extended by config.status, which was
generated by GNU Autoconf 2.61.  Invocation command line was

  CONFIG_FILES    = 
  CONFIG_HEADERS  = 
  CONFIG_LINKS    = 
  CONFIG_COMMANDS = 
  $ ./config.status 

on stewlap

config.status:618: creating Makefile
config.status:753: WARNING:  Makefile.in seems to ignore the --datarootdir setting
config.status:618: creating src/Makefile
config.status:753: WARNING:  src/Makefile.in seems to ignore the --datarootdir setting
config.status:803: executing depfiles commands

## ---------------- ##
## Cache variables. ##
## ---------------- ##

ac_cv_build=i386-unknown-freebsd7.0
ac_cv_c_compiler_gnu=yes
ac_cv_env_CC_set=
ac_cv_env_CC_value=
ac_cv_env_CFLAGS_set=
ac_cv_env_CFLAGS_value=
ac_cv_env_CPPFLAGS_set=
ac_cv_env_CPPFLAGS_value=
ac_cv_env_CPP_set=
ac_cv_env_CPP_value=
ac_cv_env_LDFLAGS_set=
ac_cv_env_LDFLAGS_value=
ac_cv_env_LIBS_set=
ac_cv_env_LIBS_value=
ac_cv_env_build_alias_set=
ac_cv_env_build_alias_value=
ac_cv_env_host_alias_set=
ac_cv_env_host_alias_value=
ac_cv_env_target_alias_set=
ac_cv_env_target_alias_value=
ac_cv_func_inet_addr=yes
ac_cv_func_sctp_sendmsg=yes
ac_cv_func_sctp_sendx=yes
ac_cv_func_socket=yes
ac_cv_header_inttypes_h=yes
ac_cv_header_memory_h=yes
ac_cv_header_stdc=yes
ac_cv_header_stdint_h=yes
ac_cv_header_stdlib_h=yes
ac_cv_header_string_h=yes
ac_cv_header_strings_h=yes
ac_cv_header_sys_stat_h=yes
ac_cv_header_sys_types_h=yes
ac_cv_header_unistd_h=yes
ac_cv_host=i386-unknown-freebsd7.0
ac_cv_member_struct_sockaddr_in_sin_len=yes
ac_cv_objext=o
ac_cv_path_EGREP='/usr/bin/grep -E'
ac_cv_path_GREP=/usr/bin/grep
ac_cv_path_install='/usr/bin/install -c'
ac_cv_prog_AWK=gawk
ac_cv_prog_CPP='gcc -E'
ac_cv_prog_ac_ct_CC=gcc
ac_cv_prog_cc_c89=
ac_cv_prog_cc_g=yes
ac_cv_prog_make_make_set=yes
ac_cv_type_size_t=yes
ac_cv_type_ssize_t=yes
am_cv_CC_dependencies_compiler_type=gcc3

## ----------------- ##
## Output variables. ##
## ----------------- ##

ACLOCAL='${SHELL} /home/rrs/sctpCVS/rserpool/enrp-server/missing --run aclocal-1.6'
AMDEPBACKSLASH='\'
AMDEP_FALSE='#'
AMDEP_TRUE=''
AMTAR='${SHELL} /home/rrs/sctpCVS/rserpool/enrp-server/missing --run tar'
AUTOCONF='${SHELL} /home/rrs/sctpCVS/rserpool/enrp-server/missing --run autoconf'
AUTOHEADER='${SHELL} /home/rrs/sctpCVS/rserpool/enrp-server/missing --run autoheader'
AUTOMAKE='${SHELL} /home/rrs/sctpCVS/rserpool/enrp-server/missing --run automake-1.6'
AWK='gawk'
CC='gcc'
CCDEPMODE='depmode=gcc3'
CFLAGS='-g -O2 -Wall -pedantic -ansi -Wno-variadic-macros'
CPP='gcc -E'
CPPFLAGS=''
DEFS='-DPACKAGE_NAME=\"\" -DPACKAGE_TARNAME=\"\" -DPACKAGE_VERSION=\"\" -DPACKAGE_STRING=\"\" -DPACKAGE_BUGREPORT=\"\" -DPACKAGE=\"registrar\" -DVERSION=\"0.1\" -DSTDC_HEADERS=1 -DHAVE_SYS_TYPES_H=1 -DHAVE_SYS_STAT_H=1 -DHAVE_STDLIB_H=1 -DHAVE_STRING_H=1 -DHAVE_MEMORY_H=1 -DHAVE_STRINGS_H=1 -DHAVE_INTTYPES_H=1 -DHAVE_STDINT_H=1 -DHAVE_UNISTD_H=1 -DHAVE_SOCKET=1 -DHAVE_INET_ADDR=1 -DHAVE_SCTP_SENDMSG=1 -DHAVE_SCTP_SENDX=1 -DHAVE_SYS_TYPES_H=1 -DHAVE_SIN_LEN=1 -DHAVE_SCTP_SENDALL=1'
DEPDIR='.deps'
ECHO_C=''
ECHO_N='-n'
ECHO_T=''
EGREP='/usr/bin/grep -E'
EXEEXT=''
GREP='/usr/bin/grep'
INSTALL_DATA='${INSTALL} -m 644'
INSTALL_PROGRAM='${INSTALL}'
INSTALL_SCRIPT='${INSTALL}'
INSTALL_STRIP_PROGRAM='${SHELL} $(install_sh) -c -s'
LDFLAGS=''
LIBOBJS=''
LIBS=''
LTLIBOBJS=''
MAKEINFO='${SHELL} /home/rrs/sctpCVS/rserpool/enrp-server/missing --run makeinfo'
OBJEXT='o'
PACKAGE='registrar'
PACKAGE_BUGREPORT=''
PACKAGE_NAME=''
PACKAGE_STRING=''
PACKAGE_TARNAME=''
PACKAGE_VERSION=''
PATH_SEPARATOR=':'
SET_MAKE=''
SHELL='/bin/bash'
STRIP=''
VERSION='0.1'
ac_ct_CC='gcc'
am__include='include'
am__quote=''
bindir='${exec_prefix}/bin'
build='i386-unknown-freebsd7.0'
build_alias=''
build_cpu='i386'
build_os='freebsd7.0'
build_vendor='unknown'
datadir='${datarootdir}'
datarootdir='${prefix}/share'
docdir='${datarootdir}/doc/${PACKAGE}'
dvidir='${docdir}'
exec_prefix='${prefix}'
host='i386-unknown-freebsd7.0'
host_alias=''
host_cpu='i386'
host_os='freebsd7.0'
host_vendor='unknown'
htmldir='${docdir}'
includedir='${prefix}/include'
infodir='${datarootdir}/info'
install_sh='/home/rrs/sctpCVS/rserpool/enrp-server/install-sh'
libdir='${exec_prefix}/lib'
libexecdir='${exec_prefix}/libexec'
localedir='${datarootdir}/locale'
localstatedir='${prefix}/var'
mandir='${datarootdir}/man'
oldincludedir='/usr/include'
pdfdir='${docdir}'
prefix='/usr/local'
program_transform_name='s,x,x,'
psdir='${docdir}'
sbindir='${exec_prefix}/sbin'
sharedstatedir='${prefix}/com'
sysconfdir='${prefix}/etc'
target_alias=''

## ----------- ##
## confdefs.h. ##
## ----------- ##

#define PACKAGE_NAME ""
#define PACKAGE_TARNAME ""
#define PACKAGE_VERSION ""
#define PACKAGE_STRING ""
#define PACKAGE_BUGREPORT ""
#define PACKAGE "registrar"
#define VERSION "0.1"
#define STDC_HEADERS 1
#define HAVE_SYS_TYPES_H 1
#define HAVE_SYS_STAT_H 1
#define HAVE_STDLIB_H 1
#define HAVE_STRING_H 1
#define HAVE_MEMORY_H 1
#define HAVE_STRINGS_H 1
#define HAVE_INTTYPES_H 1
#define HAVE_STDINT_H 1
#define HAVE_UNISTD_H 1
#define HAVE_SOCKET 1
#define HAVE_INET_ADDR 1
#define HAVE_SCTP_SENDMSG 1
#define HAVE_SCTP_SENDX 1
#define HAVE_SYS_TYPES_H 1
#define HAVE_SIN_LEN 1
#define HAVE_SCTP_SENDALL 1

configure: exit 0
