This file contains any messages produced by compilers while
running configure, to aid debugging if configure makes a mistake.

It was created by configure, which was
generated by GNU Autoconf 2.59.  Invocation command line was

  $ ./configure 

## --------- ##
## Platform. ##
## --------- ##

hostname = stewlap
uname -m = i386
uname -r = 7.0-CURRENT
uname -s = FreeBSD
uname -v = FreeBSD 7.0-CURRENT #20: Sat May  5 08:46:00 EDT 2007     rrs@stewlap:/usr/src/sys/i386/compile/ibmlap 

/usr/bin/uname -p = i386
/bin/uname -X     = unknown

/bin/arch              = unknown
/usr/bin/arch -k       = unknown
/usr/convex/getsysinfo = unknown
hostinfo               = unknown
/bin/machine           = unknown
/usr/bin/oslevel       = unknown
/bin/universe          = unknown

PATH: /usr/rrs/mpich/bin
PATH: /usr/bin
PATH: /usr/local/v6/bin
PATH: /usr/local/v6/sbin
PATH: /usr/local/bin
PATH: /usr/ucb
PATH: /usr/games
PATH: /bin
PATH: /sbin
PATH: /usr/X11R6/bin
PATH: /usr/local/bin
PATH: /usr/local/sbin
PATH: /usr/sbin


## ----------- ##
## Core tests. ##
## ----------- ##

configure:1341: checking for a BSD-compatible install
configure:1396: result: /usr/bin/install -c
configure:1407: checking whether build environment is sane
configure:1450: result: yes
configure:1483: checking for gawk
configure:1512: result: no
configure:1483: checking for mawk
configure:1512: result: no
configure:1483: checking for nawk
configure:1499: found /usr/bin/nawk
configure:1509: result: nawk
configure:1519: checking whether make sets $(MAKE)
configure:1539: result: yes
configure:1731: checking for gcc
configure:1747: found /usr/bin/gcc
configure:1757: result: gcc
configure:2001: checking for C compiler version
configure:2004: gcc --version </dev/null >&5
gcc (GCC) 3.4.6 [FreeBSD] 20060825
Copyright (C) 2006 Free Software Foundation, Inc.
This is free software; see the source for copying conditions.  There is NO
warranty; not even for MERCHANTABILITY or FITNESS FOR A PARTICULAR PURPOSE.

configure:2007: $? = 0
configure:2009: gcc -v </dev/null >&5
Using built-in specs.
Configured with: FreeBSD/i386 system compiler
Thread model: posix
gcc version 3.4.6 [FreeBSD] 20060825
configure:2012: $? = 0
configure:2014: gcc -V </dev/null >&5
gcc: `-V' option must have argument
configure:2017: $? = 1
configure:2040: checking for C compiler default output file name
configure:2043: gcc    conftest.c  >&5
configure:2046: $? = 0
configure:2092: result: a.out
configure:2097: checking whether the C compiler works
configure:2103: ./a.out
configure:2106: $? = 0
configure:2123: result: yes
configure:2130: checking whether we are cross compiling
configure:2132: result: no
configure:2135: checking for suffix of executables
configure:2137: gcc -o conftest    conftest.c  >&5
configure:2140: $? = 0
configure:2165: result: 
configure:2171: checking for suffix of object files
configure:2192: gcc -c   conftest.c >&5
configure:2195: $? = 0
configure:2217: result: o
configure:2221: checking whether we are using the GNU C compiler
configure:2245: gcc -c   conftest.c >&5
configure:2251: $? = 0
configure:2255: test -z 
			 || test ! -s conftest.err
configure:2258: $? = 0
configure:2261: test -s conftest.o
configure:2264: $? = 0
configure:2277: result: yes
configure:2283: checking whether gcc accepts -g
configure:2304: gcc -c -g  conftest.c >&5
configure:2310: $? = 0
configure:2314: test -z 
			 || test ! -s conftest.err
configure:2317: $? = 0
configure:2320: test -s conftest.o
configure:2323: $? = 0
configure:2334: result: yes
configure:2351: checking for gcc option to accept ANSI C
configure:2421: gcc  -c -g -O2  conftest.c >&5
configure:2427: $? = 0
configure:2431: test -z 
			 || test ! -s conftest.err
configure:2434: $? = 0
configure:2437: test -s conftest.o
configure:2440: $? = 0
configure:2458: result: none needed
configure:2476: gcc -c -g -O2  conftest.c >&5
conftest.c:2: error: syntax error before "me"
configure:2482: $? = 1
configure: failed program was:
| #ifndef __cplusplus
|   choke me
| #endif
configure:2634: checking for style of include used by make
configure:2662: result: GNU
configure:2690: checking dependency style of gcc
configure:2752: result: gcc3
configure:2764: checking build system type
configure:2782: result: i386-unknown-freebsd7.0
configure:2790: checking host system type
configure:2804: result: i386-unknown-freebsd7.0
configure:2830: checking how to run the C preprocessor
configure:2865: gcc -E  conftest.c
configure:2871: $? = 0
configure:2903: gcc -E  conftest.c
conftest.c:11:28: ac_nonexistent.h: No such file or directory
configure:2909: $? = 1
configure: failed program was:
| /* confdefs.h.  */
| 
| #define PACKAGE_NAME ""
| #define PACKAGE_TARNAME ""
| #define PACKAGE_VERSION ""
| #define PACKAGE_STRING ""
| #define PACKAGE_BUGREPORT ""
| #define PACKAGE "tsctp"
| #define VERSION "0.4"
| /* end confdefs.h.  */
| #include <ac_nonexistent.h>
configure:2948: result: gcc -E
configure:2972: gcc -E  conftest.c
configure:2978: $? = 0
configure:3010: gcc -E  conftest.c
conftest.c:11:28: ac_nonexistent.h: No such file or directory
configure:3016: $? = 1
configure: failed program was:
| /* confdefs.h.  */
| 
| #define PACKAGE_NAME ""
| #define PACKAGE_TARNAME ""
| #define PACKAGE_VERSION ""
| #define PACKAGE_STRING ""
| #define PACKAGE_BUGREPORT ""
| #define PACKAGE "tsctp"
| #define VERSION "0.4"
| /* end confdefs.h.  */
| #include <ac_nonexistent.h>
configure:3060: checking for egrep
configure:3070: result: grep -E
configure:3075: checking for ANSI C header files
configure:3100: gcc -c -g -O2 -Wall -ansi -pedantic  conftest.c >&5
configure:3106: $? = 0
configure:3110: test -z 
			 || test ! -s conftest.err
configure:3113: $? = 0
configure:3116: test -s conftest.o
configure:3119: $? = 0
configure:3208: gcc -o conftest -g -O2 -Wall -ansi -pedantic   conftest.c  >&5
conftest.c: In function `main':
conftest.c:28: warning: implicit declaration of function `exit'
configure:3211: $? = 0
configure:3213: ./conftest
configure:3216: $? = 0
configure:3231: result: yes
configure:3255: checking for sys/types.h
configure:3271: gcc -c -g -O2 -Wall -ansi -pedantic  conftest.c >&5
configure:3277: $? = 0
configure:3281: test -z 
			 || test ! -s conftest.err
configure:3284: $? = 0
configure:3287: test -s conftest.o
configure:3290: $? = 0
configure:3301: result: yes
configure:3255: checking for sys/stat.h
configure:3271: gcc -c -g -O2 -Wall -ansi -pedantic  conftest.c >&5
configure:3277: $? = 0
configure:3281: test -z 
			 || test ! -s conftest.err
configure:3284: $? = 0
configure:3287: test -s conftest.o
configure:3290: $? = 0
configure:3301: result: yes
configure:3255: checking for stdlib.h
configure:3271: gcc -c -g -O2 -Wall -ansi -pedantic  conftest.c >&5
configure:3277: $? = 0
configure:3281: test -z 
			 || test ! -s conftest.err
configure:3284: $? = 0
configure:3287: test -s conftest.o
configure:3290: $? = 0
configure:3301: result: yes
configure:3255: checking for string.h
configure:3271: gcc -c -g -O2 -Wall -ansi -pedantic  conftest.c >&5
configure:3277: $? = 0
configure:3281: test -z 
			 || test ! -s conftest.err
configure:3284: $? = 0
configure:3287: test -s conftest.o
configure:3290: $? = 0
configure:3301: result: yes
configure:3255: checking for memory.h
configure:3271: gcc -c -g -O2 -Wall -ansi -pedantic  conftest.c >&5
configure:3277: $? = 0
configure:3281: test -z 
			 || test ! -s conftest.err
configure:3284: $? = 0
configure:3287: test -s conftest.o
configure:3290: $? = 0
configure:3301: result: yes
configure:3255: checking for strings.h
configure:3271: gcc -c -g -O2 -Wall -ansi -pedantic  conftest.c >&5
configure:3277: $? = 0
configure:3281: test -z 
			 || test ! -s conftest.err
configure:3284: $? = 0
configure:3287: test -s conftest.o
configure:3290: $? = 0
configure:3301: result: yes
configure:3255: checking for inttypes.h
configure:3271: gcc -c -g -O2 -Wall -ansi -pedantic  conftest.c >&5
configure:3277: $? = 0
configure:3281: test -z 
			 || test ! -s conftest.err
configure:3284: $? = 0
configure:3287: test -s conftest.o
configure:3290: $? = 0
configure:3301: result: yes
configure:3255: checking for stdint.h
configure:3271: gcc -c -g -O2 -Wall -ansi -pedantic  conftest.c >&5
configure:3277: $? = 0
configure:3281: test -z 
			 || test ! -s conftest.err
configure:3284: $? = 0
configure:3287: test -s conftest.o
configure:3290: $? = 0
configure:3301: result: yes
configure:3255: checking for unistd.h
configure:3271: gcc -c -g -O2 -Wall -ansi -pedantic  conftest.c >&5
configure:3277: $? = 0
configure:3281: test -z 
			 || test ! -s conftest.err
configure:3284: $? = 0
configure:3287: test -s conftest.o
configure:3290: $? = 0
configure:3301: result: yes
configure:3313: checking for size_t
configure:3337: gcc -c -g -O2 -Wall -ansi -pedantic  conftest.c >&5
configure:3343: $? = 0
configure:3347: test -z 
			 || test ! -s conftest.err
configure:3350: $? = 0
configure:3353: test -s conftest.o
configure:3356: $? = 0
configure:3367: result: yes
configure:3370: checking for ssize_t
configure:3394: gcc -c -g -O2 -Wall -ansi -pedantic  conftest.c >&5
configure:3400: $? = 0
configure:3404: test -z 
			 || test ! -s conftest.err
configure:3407: $? = 0
configure:3410: test -s conftest.o
configure:3413: $? = 0
configure:3424: result: yes
configure:3432: checking for socket
configure:3489: gcc -o conftest -g -O2 -Wall -ansi -pedantic   conftest.c  >&5
configure:3495: $? = 0
configure:3499: test -z 
			 || test ! -s conftest.err
configure:3502: $? = 0
configure:3505: test -s conftest
configure:3508: $? = 0
configure:3520: result: yes
configure:3609: checking for inet_addr
configure:3666: gcc -o conftest -g -O2 -Wall -ansi -pedantic   conftest.c  >&5
configure:3672: $? = 0
configure:3676: test -z 
			 || test ! -s conftest.err
configure:3679: $? = 0
configure:3682: test -s conftest
configure:3685: $? = 0
configure:3697: result: yes
configure:3786: checking for sctp_recvmsg
configure:3843: gcc -o conftest -g -O2 -Wall -ansi -pedantic   conftest.c  >&5
configure:3849: $? = 0
configure:3853: test -z 
			 || test ! -s conftest.err
configure:3856: $? = 0
configure:3859: test -s conftest
configure:3862: $? = 0
configure:3874: result: yes
configure:3960: checking for pthread_create in -lpthread
configure:3990: gcc -o conftest -g -O2 -Wall -ansi -pedantic   conftest.c -lpthread   >&5
configure:3996: $? = 0
configure:4000: test -z 
			 || test ! -s conftest.err
configure:4003: $? = 0
configure:4006: test -s conftest
configure:4009: $? = 0
configure:4022: result: yes
configure:4039: checking for sys/types.h
configure:4044: result: yes
configure:4184: checking for struct sockaddr_in.sin_len
configure:4211: gcc -c -g -O2 -Wall -ansi -pedantic  conftest.c >&5
configure:4217: $? = 0
configure:4221: test -z 
			 || test ! -s conftest.err
configure:4224: $? = 0
configure:4227: test -s conftest.o
configure:4230: $? = 0
configure:4291: result: yes
configure:4302: checking for socklen_t
configure:4323: gcc -c -g -O2 -Wall -ansi -pedantic  conftest.c >&5
conftest.c: In function `main':
conftest.c:34: warning: unused variable `x'
configure:4329: $? = 0
configure:4333: test -z 
			 || test ! -s conftest.err
configure:4336: $? = 0
configure:4339: test -s conftest.o
configure:4342: $? = 0
configure:4344: result: yes
configure:4494: creating ./config.status

## ---------------------- ##
## Running config.status. ##
## ---------------------- ##

This file was extended by config.status, which was
generated by GNU Autoconf 2.59.  Invocation command line was

  CONFIG_FILES    = 
  CONFIG_HEADERS  = 
  CONFIG_LINKS    = 
  CONFIG_COMMANDS = 
  $ ./config.status 

on stewlap

config.status:682: creating Makefile
config.status:865: executing depfiles commands

## ---------------- ##
## Cache variables. ##
## ---------------- ##

ac_cv_build=i386-unknown-freebsd7.0
ac_cv_build_alias=i386-unknown-freebsd7.0
ac_cv_c_compiler_gnu=yes
ac_cv_env_CC_set=
ac_cv_env_CC_value=
ac_cv_env_CFLAGS_set=
ac_cv_env_CFLAGS_value=
ac_cv_env_CPPFLAGS_set=
ac_cv_env_CPPFLAGS_value=
ac_cv_env_CPP_set=
ac_cv_env_CPP_value=
ac_cv_env_LDFLAGS_set=
ac_cv_env_LDFLAGS_value=
ac_cv_env_build_alias_set=
ac_cv_env_build_alias_value=
ac_cv_env_host_alias_set=
ac_cv_env_host_alias_value=
ac_cv_env_target_alias_set=
ac_cv_env_target_alias_value=
ac_cv_exeext=
ac_cv_func_inet_addr=yes
ac_cv_func_sctp_recvmsg=yes
ac_cv_func_socket=yes
ac_cv_header_inttypes_h=yes
ac_cv_header_memory_h=yes
ac_cv_header_stdc=yes
ac_cv_header_stdint_h=yes
ac_cv_header_stdlib_h=yes
ac_cv_header_string_h=yes
ac_cv_header_strings_h=yes
ac_cv_header_sys_stat_h=yes
ac_cv_header_sys_types_h=yes
ac_cv_header_unistd_h=yes
ac_cv_host=i386-unknown-freebsd7.0
ac_cv_host_alias=i386-unknown-freebsd7.0
ac_cv_lib_pthread_pthread_create=yes
ac_cv_member_struct_sockaddr_in_sin_len=yes
ac_cv_objext=o
ac_cv_path_install='/usr/bin/install -c'
ac_cv_prog_AWK=nawk
ac_cv_prog_CPP='gcc -E'
ac_cv_prog_ac_ct_CC=gcc
ac_cv_prog_cc_g=yes
ac_cv_prog_cc_stdc=
ac_cv_prog_egrep='grep -E'
ac_cv_prog_make_make_set=yes
ac_cv_type_size_t=yes
ac_cv_type_ssize_t=yes
am_cv_CC_dependencies_compiler_type=gcc3

## ----------------- ##
## Output variables. ##
## ----------------- ##

ACLOCAL='${SHELL} /home/rrs/sctpCVS/APPS/tsctp/missing --run aclocal-1.6'
AMDEPBACKSLASH='\'
AMDEP_FALSE='#'
AMDEP_TRUE=''
AMTAR='${SHELL} /home/rrs/sctpCVS/APPS/tsctp/missing --run tar'
AUTOCONF='${SHELL} /home/rrs/sctpCVS/APPS/tsctp/missing --run autoconf'
AUTOHEADER='${SHELL} /home/rrs/sctpCVS/APPS/tsctp/missing --run autoheader'
AUTOMAKE='${SHELL} /home/rrs/sctpCVS/APPS/tsctp/missing --run automake-1.6'
AWK='nawk'
CC='gcc'
CCDEPMODE='depmode=gcc3'
CFLAGS='-g -O2 -Wall -ansi -pedantic'
CPP='gcc -E'
CPPFLAGS=''
DEFS='-DPACKAGE_NAME=\"\" -DPACKAGE_TARNAME=\"\" -DPACKAGE_VERSION=\"\" -DPACKAGE_STRING=\"\" -DPACKAGE_BUGREPORT=\"\" -DPACKAGE=\"tsctp\" -DVERSION=\"0.4\" -DSTDC_HEADERS=1 -DHAVE_SYS_TYPES_H=1 -DHAVE_SYS_STAT_H=1 -DHAVE_STDLIB_H=1 -DHAVE_STRING_H=1 -DHAVE_MEMORY_H=1 -DHAVE_STRINGS_H=1 -DHAVE_INTTYPES_H=1 -DHAVE_STDINT_H=1 -DHAVE_UNISTD_H=1 -DHAVE_SOCKET=1 -DHAVE_INET_ADDR=1 -DHAVE_SCTP_RECVMSG=1 -DHAVE_LIBPTHREAD=1 -DHAVE_SYS_TYPES_H=1 -DHAVE_SIN_LEN=1 '
DEPDIR='.deps'
ECHO_C=''
ECHO_N='-n'
ECHO_T=''
EGREP='grep -E'
EXEEXT=''
INSTALL_DATA='${INSTALL} -m 644'
INSTALL_PROGRAM='${INSTALL}'
INSTALL_SCRIPT='${INSTALL}'
INSTALL_STRIP_PROGRAM='${SHELL} $(install_sh) -c -s'
LDFLAGS=''
LIBOBJS=''
LIBS='-lpthread '
LTLIBOBJS=''
MAKEINFO='${SHELL} /home/rrs/sctpCVS/APPS/tsctp/missing --run makeinfo'
OBJEXT='o'
PACKAGE='tsctp'
PACKAGE_BUGREPORT=''
PACKAGE_NAME=''
PACKAGE_STRING=''
PACKAGE_TARNAME=''
PACKAGE_VERSION=''
PATH_SEPARATOR=':'
SET_MAKE=''
SHELL='/bin/bash'
STRIP=''
VERSION='0.4'
ac_ct_CC='gcc'
ac_ct_STRIP=''
am__include='include'
am__quote=''
bindir='${exec_prefix}/bin'
build='i386-unknown-freebsd7.0'
build_alias=''
build_cpu='i386'
build_os='freebsd7.0'
build_vendor='unknown'
datadir='${prefix}/share'
exec_prefix='${prefix}'
host='i386-unknown-freebsd7.0'
host_alias=''
host_cpu='i386'
host_os='freebsd7.0'
host_vendor='unknown'
includedir='${prefix}/include'
infodir='${prefix}/info'
install_sh='/home/rrs/sctpCVS/APPS/tsctp/install-sh'
libdir='${exec_prefix}/lib'
libexecdir='${exec_prefix}/libexec'
localstatedir='${prefix}/var'
mandir='${prefix}/man'
oldincludedir='/usr/include'
prefix='/usr/local'
program_transform_name='s,x,x,'
sbindir='${exec_prefix}/sbin'
sharedstatedir='${prefix}/com'
sysconfdir='${prefix}/etc'
target_alias=''

## ----------- ##
## confdefs.h. ##
## ----------- ##

#define HAVE_INET_ADDR 1
#define HAVE_INTTYPES_H 1
#define HAVE_LIBPTHREAD 1
#define HAVE_MEMORY_H 1
#define HAVE_SCTP_RECVMSG 1
#define HAVE_SIN_LEN 1
#define HAVE_SOCKET 1
#define HAVE_STDINT_H 1
#define HAVE_STDLIB_H 1
#define HAVE_STRINGS_H 1
#define HAVE_STRING_H 1
#define HAVE_SYS_STAT_H 1
#define HAVE_SYS_TYPES_H 1
#define HAVE_SYS_TYPES_H 1
#define HAVE_UNISTD_H 1
#define PACKAGE "tsctp"
#define PACKAGE_BUGREPORT ""
#define PACKAGE_NAME ""
#define PACKAGE_STRING ""
#define PACKAGE_TARNAME ""
#define PACKAGE_VERSION ""
#define STDC_HEADERS 1
#define VERSION "0.4"

configure: exit 0
